!SESSION 2014-11-09 23:17:13.813 -----------------------------------------------
eclipse.buildId=unknown
java.version=1.6.0_43
java.vendor=Sun Microsystems Inc.
BootLoader constants: OS=win32, ARCH=x86, WS=win32, NL=ru_RU
Framework arguments:  -product net.confex.app.product
Command-line arguments:  -product net.confex.app.product -data E:\ERV\CONFEX_NEW\WRK_CONFEX_TOTAL/../runtime-net.confex.app.product -dev file:E:/ERV/CONFEX_NEW/WRK_CONFEX_TOTAL/.metadata/.plugins/org.eclipse.pde.core/net.confex.app.product/dev.properties -os win32 -ws win32 -arch x86 -consoleLog

!ENTRY org.eclipse.equinox.app 0 0 2014-11-09 23:17:14.234
!MESSAGE Product net.confex.app.product could not be found.

!ENTRY org.eclipse.osgi 2 0 2014-11-09 23:17:14.264
!MESSAGE One or more bundles are not resolved because the following root constraints are not resolved:
!SUBENTRY 1 org.eclipse.osgi 2 0 2014-11-09 23:17:14.264
!MESSAGE Bundle initial@reference:file:plugins/org.eclipse.jface.databinding_1.5.0.I20100907-0800.jar/ was not resolved.
!SUBENTRY 2 org.eclipse.jface.databinding 2 0 2014-11-09 23:17:14.264
!MESSAGE Missing required bundle org.eclipse.core.databinding.property_[1.3.0,2.0.0).
!SUBENTRY 2 org.eclipse.jface.databinding 2 0 2014-11-09 23:17:14.264
!MESSAGE Missing required bundle org.eclipse.core.databinding.observable_[1.3.0,2.0.0).
!SUBENTRY 1 org.eclipse.osgi 2 0 2014-11-09 23:17:14.264
!MESSAGE Bundle initial@reference:file:plugins/org.eclipse.core.databinding_1.4.0.I20110111-0800.jar/ was not resolved.
!SUBENTRY 2 org.eclipse.core.databinding 2 0 2014-11-09 23:17:14.264
!MESSAGE Missing required bundle org.eclipse.core.databinding.property_[1.3.0,2.0.0).
!SUBENTRY 2 org.eclipse.core.databinding 2 0 2014-11-09 23:17:14.264
!MESSAGE Missing required bundle org.eclipse.core.databinding.observable_[1.3.0,2.0.0).
!SUBENTRY 1 org.eclipse.osgi 2 0 2014-11-09 23:17:14.264
!MESSAGE Bundle initial@reference:file:plugins/org.eclipse.ui.workbench_3.7.1.v20120104-1859.jar/ was not resolved.
!SUBENTRY 2 org.eclipse.ui.workbench 2 0 2014-11-09 23:17:14.264
!MESSAGE Missing required bundle org.eclipse.core.databinding.observable_[1.2.0,2.0.0).
!SUBENTRY 2 org.eclipse.ui.workbench 2 0 2014-11-09 23:17:14.264
!MESSAGE Missing required bundle org.eclipse.core.databinding.property_[1.2.0,2.0.0).

!ENTRY org.eclipse.osgi 2 0 2014-11-09 23:17:14.264
!MESSAGE The following is a complete list of bundles which are not resolved, see the prior log entry for the root cause if it exists:
!SUBENTRY 1 org.eclipse.osgi 2 0 2014-11-09 23:17:14.264
!MESSAGE Bundle org.eclipse.jface.databinding_1.5.0.I20100907-0800 [2] was not resolved.
!SUBENTRY 2 org.eclipse.jface.databinding 2 0 2014-11-09 23:17:14.264
!MESSAGE Missing required bundle org.eclipse.core.databinding.observable_[1.3.0,2.0.0).
!SUBENTRY 2 org.eclipse.jface.databinding 2 0 2014-11-09 23:17:14.264
!MESSAGE Missing required bundle org.eclipse.core.databinding.property_[1.3.0,2.0.0).
!SUBENTRY 2 org.eclipse.jface.databinding 2 0 2014-11-09 23:17:14.264
!MESSAGE Missing required bundle org.eclipse.core.databinding_[1.2.0,2.0.0).
!SUBENTRY 1 org.eclipse.osgi 2 0 2014-11-09 23:17:14.264
!MESSAGE Bundle org.eclipse.ui.workbench_3.7.1.v20120104-1859 [3] was not resolved.
!SUBENTRY 2 org.eclipse.ui.workbench 2 0 2014-11-09 23:17:14.264
!MESSAGE Missing required bundle org.eclipse.jface.databinding_[1.3.0,2.0.0).
!SUBENTRY 2 org.eclipse.ui.workbench 2 0 2014-11-09 23:17:14.264
!MESSAGE Missing required bundle org.eclipse.core.databinding.property_[1.2.0,2.0.0).
!SUBENTRY 2 org.eclipse.ui.workbench 2 0 2014-11-09 23:17:14.264
!MESSAGE Missing required bundle org.eclipse.core.databinding.observable_[1.2.0,2.0.0).
!SUBENTRY 1 org.eclipse.osgi 2 0 2014-11-09 23:17:14.264
!MESSAGE Bundle org.eclipse.ui_3.7.0.v20110928-1505 [8] was not resolved.
!SUBENTRY 2 org.eclipse.ui 2 0 2014-11-09 23:17:14.264
!MESSAGE Missing required bundle org.eclipse.ui.workbench_[3.5.0,4.0.0).
!SUBENTRY 1 org.eclipse.osgi 2 0 2014-11-09 23:17:14.264
!MESSAGE Bundle net.confex.app_0.9.18.03092008 [10] was not resolved.
!SUBENTRY 2 net.confex.app 2 0 2014-11-09 23:17:14.264
!MESSAGE Missing required bundle org.eclipse.ui_0.0.0.
!SUBENTRY 1 org.eclipse.osgi 2 0 2014-11-09 23:17:14.264
!MESSAGE Bundle org.eclipse.core.databinding_1.4.0.I20110111-0800 [16] was not resolved.
!SUBENTRY 2 org.eclipse.core.databinding 2 0 2014-11-09 23:17:14.264
!MESSAGE Missing required bundle org.eclipse.core.databinding.observable_[1.3.0,2.0.0).
!SUBENTRY 2 org.eclipse.core.databinding 2 0 2014-11-09 23:17:14.264
!MESSAGE Missing required bundle org.eclipse.core.databinding.property_[1.3.0,2.0.0).

!ENTRY org.eclipse.osgi 4 0 2014-11-09 23:17:14.274
!MESSAGE Application error
!STACK 1
java.lang.RuntimeException: No application id has been found.
	at org.eclipse.equinox.internal.app.EclipseAppContainer.startDefaultApp(EclipseAppContainer.java:242)
	at org.eclipse.equinox.internal.app.MainApplicationLauncher.run(MainApplicationLauncher.java:29)
	at org.eclipse.core.runtime.internal.adaptor.EclipseAppLauncher.runApplication(EclipseAppLauncher.java:110)
	at org.eclipse.core.runtime.internal.adaptor.EclipseAppLauncher.start(EclipseAppLauncher.java:79)
	at org.eclipse.core.runtime.adaptor.EclipseStarter.run(EclipseStarter.java:344)
	at org.eclipse.core.runtime.adaptor.EclipseStarter.run(EclipseStarter.java:179)
	at sun.reflect.NativeMethodAccessorImpl.invoke0(Native Method)
	at sun.reflect.NativeMethodAccessorImpl.invoke(Unknown Source)
	at sun.reflect.DelegatingMethodAccessorImpl.invoke(Unknown Source)
	at java.lang.reflect.Method.invoke(Unknown Source)
	at org.eclipse.equinox.launcher.Main.invokeFramework(Main.java:622)
	at org.eclipse.equinox.launcher.Main.basicRun(Main.java:577)
	at org.eclipse.equinox.launcher.Main.run(Main.java:1410)
	at org.eclipse.equinox.launcher.Main.main(Main.java:1386)
