!SESSION 2009-02-11 16:21:11.639 -----------------------------------------------
eclipse.buildId=unknown
java.version=1.6.0_03
java.vendor=Sun Microsystems Inc.
BootLoader constants: OS=win32, ARCH=x86, WS=win32, NL=ru_RU
Framework arguments:  -product net.confex.confex_all
Command-line arguments:  -product net.confex.confex_all -data G:\WRK\WRK_CONFEX/../runtime-net.confex.all.product -dev file:G:/WRK/WRK_CONFEX/.metadata/.plugins/org.eclipse.pde.core/net.confex.all.product/dev.properties -os win32 -ws win32 -arch x86

!ENTRY org.eclipse.osgi 4 0 2009-02-11 16:21:12.982
!MESSAGE An error occurred while automatically activating bundle org.eclipse.ui.workbench (59).
!STACK 0
org.osgi.framework.BundleException: The activator org.eclipse.ui.internal.WorkbenchPlugin for bundle org.eclipse.ui.workbench is invalid
	at org.eclipse.osgi.framework.internal.core.AbstractBundle.loadBundleActivator(AbstractBundle.java:146)
	at org.eclipse.osgi.framework.internal.core.BundleContextImpl.start(BundleContextImpl.java:980)
	at org.eclipse.osgi.framework.internal.core.BundleHost.startWorker(BundleHost.java:346)
	at org.eclipse.osgi.framework.internal.core.AbstractBundle.start(AbstractBundle.java:265)
	at org.eclipse.osgi.framework.util.SecureAction.start(SecureAction.java:400)
	at org.eclipse.core.runtime.internal.adaptor.EclipseLazyStarter.postFindLocalClass(EclipseLazyStarter.java:111)
	at org.eclipse.osgi.baseadaptor.loader.ClasspathManager.findLocalClass(ClasspathManager.java:419)
	at org.eclipse.osgi.internal.baseadaptor.DefaultClassLoader.findLocalClass(DefaultClassLoader.java:193)
	at org.eclipse.osgi.framework.internal.core.BundleLoader.findLocalClass(BundleLoader.java:368)
	at org.eclipse.osgi.framework.internal.core.SingleSourcePackage.loadClass(SingleSourcePackage.java:33)
	at org.eclipse.osgi.framework.internal.core.BundleLoader.findClassInternal(BundleLoader.java:441)
	at org.eclipse.osgi.framework.internal.core.BundleLoader.findClass(BundleLoader.java:397)
	at org.eclipse.osgi.framework.internal.core.BundleLoader.findClass(BundleLoader.java:385)
	at org.eclipse.osgi.internal.baseadaptor.DefaultClassLoader.loadClass(DefaultClassLoader.java:87)
	at java.lang.ClassLoader.loadClass(Unknown Source)
	at java.lang.ClassLoader.loadClassInternal(Unknown Source)
	at java.lang.ClassLoader.defineClass1(Native Method)
	at java.lang.ClassLoader.defineClass(Unknown Source)
	at org.eclipse.osgi.internal.baseadaptor.DefaultClassLoader.defineClass(DefaultClassLoader.java:165)
	at org.eclipse.osgi.baseadaptor.loader.ClasspathManager.defineClass(ClasspathManager.java:503)
	at org.eclipse.osgi.baseadaptor.loader.ClasspathManager.findClassImpl(ClasspathManager.java:473)
	at org.eclipse.osgi.baseadaptor.loader.ClasspathManager.findLocalClassImpl(ClasspathManager.java:432)
	at org.eclipse.osgi.baseadaptor.loader.ClasspathManager.findLocalClass(ClasspathManager.java:415)
	at org.eclipse.osgi.internal.baseadaptor.DefaultClassLoader.findLocalClass(DefaultClassLoader.java:193)
	at org.eclipse.osgi.framework.internal.core.BundleLoader.findLocalClass(BundleLoader.java:368)
	at org.eclipse.osgi.framework.internal.core.BundleLoader.findClassInternal(BundleLoader.java:444)
	at org.eclipse.osgi.framework.internal.core.BundleLoader.findClass(BundleLoader.java:397)
	at org.eclipse.osgi.framework.internal.core.BundleLoader.findClass(BundleLoader.java:385)
	at org.eclipse.osgi.internal.baseadaptor.DefaultClassLoader.loadClass(DefaultClassLoader.java:87)
	at java.lang.ClassLoader.loadClass(Unknown Source)
	at org.eclipse.osgi.framework.internal.core.BundleLoader.loadClass(BundleLoader.java:313)
	at org.eclipse.osgi.framework.internal.core.BundleHost.loadClass(BundleHost.java:227)
	at org.eclipse.osgi.framework.internal.core.AbstractBundle.loadBundleActivator(AbstractBundle.java:139)
	at org.eclipse.osgi.framework.internal.core.BundleContextImpl.start(BundleContextImpl.java:980)
	at org.eclipse.osgi.framework.internal.core.BundleHost.startWorker(BundleHost.java:346)
	at org.eclipse.osgi.framework.internal.core.AbstractBundle.start(AbstractBundle.java:265)
	at org.eclipse.osgi.framework.util.SecureAction.start(SecureAction.java:400)
	at org.eclipse.core.runtime.internal.adaptor.EclipseLazyStarter.postFindLocalClass(EclipseLazyStarter.java:111)
	at org.eclipse.osgi.baseadaptor.loader.ClasspathManager.findLocalClass(ClasspathManager.java:419)
	at org.eclipse.osgi.internal.baseadaptor.DefaultClassLoader.findLocalClass(DefaultClassLoader.java:193)
	at org.eclipse.osgi.framework.internal.core.BundleLoader.findLocalClass(BundleLoader.java:368)
	at org.eclipse.osgi.framework.internal.core.BundleLoader.findClassInternal(BundleLoader.java:444)
	at org.eclipse.osgi.framework.internal.core.BundleLoader.findClass(BundleLoader.java:397)
	at org.eclipse.osgi.framework.internal.core.BundleLoader.findClass(BundleLoader.java:385)
	at org.eclipse.osgi.internal.baseadaptor.DefaultClassLoader.loadClass(DefaultClassLoader.java:87)
	at java.lang.ClassLoader.loadClass(Unknown Source)
	at org.eclipse.osgi.framework.internal.core.BundleLoader.loadClass(BundleLoader.java:313)
	at org.eclipse.osgi.framework.internal.core.BundleHost.loadClass(BundleHost.java:227)
	at org.eclipse.osgi.framework.internal.core.AbstractBundle.loadClass(AbstractBundle.java:1273)
	at org.eclipse.core.internal.registry.osgi.RegistryStrategyOSGI.createExecutableExtension(RegistryStrategyOSGI.java:160)
	at org.eclipse.core.internal.registry.ExtensionRegistry.createExecutableExtension(ExtensionRegistry.java:863)
	at org.eclipse.core.internal.registry.ConfigurationElement.createExecutableExtension(ConfigurationElement.java:243)
	at org.eclipse.core.internal.registry.ConfigurationElementHandle.createExecutableExtension(ConfigurationElementHandle.java:51)
	at org.eclipse.equinox.internal.app.EclipseAppHandle.run(EclipseAppHandle.java:188)
	at org.eclipse.core.runtime.internal.adaptor.EclipseAppLauncher.runApplication(EclipseAppLauncher.java:110)
	at org.eclipse.core.runtime.internal.adaptor.EclipseAppLauncher.start(EclipseAppLauncher.java:79)
	at org.eclipse.core.runtime.adaptor.EclipseStarter.run(EclipseStarter.java:379)
	at org.eclipse.core.runtime.adaptor.EclipseStarter.run(EclipseStarter.java:179)
	at sun.reflect.NativeMethodAccessorImpl.invoke0(Native Method)
	at sun.reflect.NativeMethodAccessorImpl.invoke(Unknown Source)
	at sun.reflect.DelegatingMethodAccessorImpl.invoke(Unknown Source)
	at java.lang.reflect.Method.invoke(Unknown Source)
	at org.eclipse.equinox.launcher.Main.invokeFramework(Main.java:549)
	at org.eclipse.equinox.launcher.Main.basicRun(Main.java:504)
	at org.eclipse.equinox.launcher.Main.run(Main.java:1236)
	at org.eclipse.equinox.launcher.Main.main(Main.java:1212)
Caused by: java.lang.NoClassDefFoundError: org/eclipse/swt/SWTError
	at java.lang.Class.getDeclaredConstructors0(Native Method)
	at java.lang.Class.privateGetDeclaredConstructors(Unknown Source)
	at java.lang.Class.getConstructor0(Unknown Source)
	at java.lang.Class.newInstance0(Unknown Source)
	at java.lang.Class.newInstance(Unknown Source)
	at org.eclipse.osgi.framework.internal.core.AbstractBundle.loadBundleActivator(AbstractBundle.java:141)
	... 65 more
Root exception:
java.lang.NoClassDefFoundError: org/eclipse/swt/SWTError
	at java.lang.Class.getDeclaredConstructors0(Native Method)
	at java.lang.Class.privateGetDeclaredConstructors(Unknown Source)
	at java.lang.Class.getConstructor0(Unknown Source)
	at java.lang.Class.newInstance0(Unknown Source)
	at java.lang.Class.newInstance(Unknown Source)
	at org.eclipse.osgi.framework.internal.core.AbstractBundle.loadBundleActivator(AbstractBundle.java:141)
	at org.eclipse.osgi.framework.internal.core.BundleContextImpl.start(BundleContextImpl.java:980)
	at org.eclipse.osgi.framework.internal.core.BundleHost.startWorker(BundleHost.java:346)
	at org.eclipse.osgi.framework.internal.core.AbstractBundle.start(AbstractBundle.java:265)
	at org.eclipse.osgi.framework.util.SecureAction.start(SecureAction.java:400)
	at org.eclipse.core.runtime.internal.adaptor.EclipseLazyStarter.postFindLocalClass(EclipseLazyStarter.java:111)
	at org.eclipse.osgi.baseadaptor.loader.ClasspathManager.findLocalClass(ClasspathManager.java:419)
	at org.eclipse.osgi.internal.baseadaptor.DefaultClassLoader.findLocalClass(DefaultClassLoader.java:193)
	at org.eclipse.osgi.framework.internal.core.BundleLoader.findLocalClass(BundleLoader.java:368)
	at org.eclipse.osgi.framework.internal.core.SingleSourcePackage.loadClass(SingleSourcePackage.java:33)
	at org.eclipse.osgi.framework.internal.core.BundleLoader.findClassInternal(BundleLoader.java:441)
	at org.eclipse.osgi.framework.internal.core.BundleLoader.findClass(BundleLoader.java:397)
	at org.eclipse.osgi.framework.internal.core.BundleLoader.findClass(BundleLoader.java:385)
	at org.eclipse.osgi.internal.baseadaptor.DefaultClassLoader.loadClass(DefaultClassLoader.java:87)
	at java.lang.ClassLoader.loadClass(Unknown Source)
	at java.lang.ClassLoader.loadClassInternal(Unknown Source)
	at java.lang.ClassLoader.defineClass1(Native Method)
	at java.lang.ClassLoader.defineClass(Unknown Source)
	at org.eclipse.osgi.internal.baseadaptor.DefaultClassLoader.defineClass(DefaultClassLoader.java:165)
	at org.eclipse.osgi.baseadaptor.loader.ClasspathManager.defineClass(ClasspathManager.java:503)
	at org.eclipse.osgi.baseadaptor.loader.ClasspathManager.findClassImpl(ClasspathManager.java:473)
	at org.eclipse.osgi.baseadaptor.loader.ClasspathManager.findLocalClassImpl(ClasspathManager.java:432)
	at org.eclipse.osgi.baseadaptor.loader.ClasspathManager.findLocalClass(ClasspathManager.java:415)
	at org.eclipse.osgi.internal.baseadaptor.DefaultClassLoader.findLocalClass(DefaultClassLoader.java:193)
	at org.eclipse.osgi.framework.internal.core.BundleLoader.findLocalClass(BundleLoader.java:368)
	at org.eclipse.osgi.framework.internal.core.BundleLoader.findClassInternal(BundleLoader.java:444)
	at org.eclipse.osgi.framework.internal.core.BundleLoader.findClass(BundleLoader.java:397)
	at org.eclipse.osgi.framework.internal.core.BundleLoader.findClass(BundleLoader.java:385)
	at org.eclipse.osgi.internal.baseadaptor.DefaultClassLoader.loadClass(DefaultClassLoader.java:87)
	at java.lang.ClassLoader.loadClass(Unknown Source)
	at org.eclipse.osgi.framework.internal.core.BundleLoader.loadClass(BundleLoader.java:313)
	at org.eclipse.osgi.framework.internal.core.BundleHost.loadClass(BundleHost.java:227)
	at org.eclipse.osgi.framework.internal.core.AbstractBundle.loadBundleActivator(AbstractBundle.java:139)
	at org.eclipse.osgi.framework.internal.core.BundleContextImpl.start(BundleContextImpl.java:980)
	at org.eclipse.osgi.framework.internal.core.BundleHost.startWorker(BundleHost.java:346)
	at org.eclipse.osgi.framework.internal.core.AbstractBundle.start(AbstractBundle.java:265)
	at org.eclipse.osgi.framework.util.SecureAction.start(SecureAction.java:400)
	at org.eclipse.core.runtime.internal.adaptor.EclipseLazyStarter.postFindLocalClass(EclipseLazyStarter.java:111)
	at org.eclipse.osgi.baseadaptor.loader.ClasspathManager.findLocalClass(ClasspathManager.java:419)
	at org.eclipse.osgi.internal.baseadaptor.DefaultClassLoader.findLocalClass(DefaultClassLoader.java:193)
	at org.eclipse.osgi.framework.internal.core.BundleLoader.findLocalClass(BundleLoader.java:368)
	at org.eclipse.osgi.framework.internal.core.BundleLoader.findClassInternal(BundleLoader.java:444)
	at org.eclipse.osgi.framework.internal.core.BundleLoader.findClass(BundleLoader.java:397)
	at org.eclipse.osgi.framework.internal.core.BundleLoader.findClass(BundleLoader.java:385)
	at org.eclipse.osgi.internal.baseadaptor.DefaultClassLoader.loadClass(DefaultClassLoader.java:87)
	at java.lang.ClassLoader.loadClass(Unknown Source)
	at org.eclipse.osgi.framework.internal.core.BundleLoader.loadClass(BundleLoader.java:313)
	at org.eclipse.osgi.framework.internal.core.BundleHost.loadClass(BundleHost.java:227)
	at org.eclipse.osgi.framework.internal.core.AbstractBundle.loadClass(AbstractBundle.java:1273)
	at org.eclipse.core.internal.registry.osgi.RegistryStrategyOSGI.createExecutableExtension(RegistryStrategyOSGI.java:160)
	at org.eclipse.core.internal.registry.ExtensionRegistry.createExecutableExtension(ExtensionRegistry.java:863)
	at org.eclipse.core.internal.registry.ConfigurationElement.createExecutableExtension(ConfigurationElement.java:243)
	at org.eclipse.core.internal.registry.ConfigurationElementHandle.createExecutableExtension(ConfigurationElementHandle.java:51)
	at org.eclipse.equinox.internal.app.EclipseAppHandle.run(EclipseAppHandle.java:188)
	at org.eclipse.core.runtime.internal.adaptor.EclipseAppLauncher.runApplication(EclipseAppLauncher.java:110)
	at org.eclipse.core.runtime.internal.adaptor.EclipseAppLauncher.start(EclipseAppLauncher.java:79)
	at org.eclipse.core.runtime.adaptor.EclipseStarter.run(EclipseStarter.java:379)
	at org.eclipse.core.runtime.adaptor.EclipseStarter.run(EclipseStarter.java:179)
	at sun.reflect.NativeMethodAccessorImpl.invoke0(Native Method)
	at sun.reflect.NativeMethodAccessorImpl.invoke(Unknown Source)
	at sun.reflect.DelegatingMethodAccessorImpl.invoke(Unknown Source)
	at java.lang.reflect.Method.invoke(Unknown Source)
	at org.eclipse.equinox.launcher.Main.invokeFramework(Main.java:549)
	at org.eclipse.equinox.launcher.Main.basicRun(Main.java:504)
	at org.eclipse.equinox.launcher.Main.run(Main.java:1236)
	at org.eclipse.equinox.launcher.Main.main(Main.java:1212)

!ENTRY org.eclipse.osgi 4 0 2009-02-11 16:21:13.029
!MESSAGE An error occurred while automatically activating bundle net.confex (2).
!STACK 0
org.osgi.framework.BundleException: The activator net.confex.application.ConfexPlugin for bundle net.confex is invalid
	at org.eclipse.osgi.framework.internal.core.AbstractBundle.loadBundleActivator(AbstractBundle.java:146)
	at org.eclipse.osgi.framework.internal.core.BundleContextImpl.start(BundleContextImpl.java:980)
	at org.eclipse.osgi.framework.internal.core.BundleHost.startWorker(BundleHost.java:346)
	at org.eclipse.osgi.framework.internal.core.AbstractBundle.start(AbstractBundle.java:265)
	at org.eclipse.osgi.framework.util.SecureAction.start(SecureAction.java:400)
	at org.eclipse.core.runtime.internal.adaptor.EclipseLazyStarter.postFindLocalClass(EclipseLazyStarter.java:111)
	at org.eclipse.osgi.baseadaptor.loader.ClasspathManager.findLocalClass(ClasspathManager.java:419)
	at org.eclipse.osgi.internal.baseadaptor.DefaultClassLoader.findLocalClass(DefaultClassLoader.java:193)
	at org.eclipse.osgi.framework.internal.core.BundleLoader.findLocalClass(BundleLoader.java:368)
	at org.eclipse.osgi.framework.internal.core.BundleLoader.findClassInternal(BundleLoader.java:444)
	at org.eclipse.osgi.framework.internal.core.BundleLoader.findClass(BundleLoader.java:397)
	at org.eclipse.osgi.framework.internal.core.BundleLoader.findClass(BundleLoader.java:385)
	at org.eclipse.osgi.internal.baseadaptor.DefaultClassLoader.loadClass(DefaultClassLoader.java:87)
	at java.lang.ClassLoader.loadClass(Unknown Source)
	at org.eclipse.osgi.framework.internal.core.BundleLoader.loadClass(BundleLoader.java:313)
	at org.eclipse.osgi.framework.internal.core.BundleHost.loadClass(BundleHost.java:227)
	at org.eclipse.osgi.framework.internal.core.AbstractBundle.loadClass(AbstractBundle.java:1273)
	at org.eclipse.core.internal.registry.osgi.RegistryStrategyOSGI.createExecutableExtension(RegistryStrategyOSGI.java:160)
	at org.eclipse.core.internal.registry.ExtensionRegistry.createExecutableExtension(ExtensionRegistry.java:863)
	at org.eclipse.core.internal.registry.ConfigurationElement.createExecutableExtension(ConfigurationElement.java:243)
	at org.eclipse.core.internal.registry.ConfigurationElementHandle.createExecutableExtension(ConfigurationElementHandle.java:51)
	at org.eclipse.equinox.internal.app.EclipseAppHandle.run(EclipseAppHandle.java:188)
	at org.eclipse.core.runtime.internal.adaptor.EclipseAppLauncher.runApplication(EclipseAppLauncher.java:110)
	at org.eclipse.core.runtime.internal.adaptor.EclipseAppLauncher.start(EclipseAppLauncher.java:79)
	at org.eclipse.core.runtime.adaptor.EclipseStarter.run(EclipseStarter.java:379)
	at org.eclipse.core.runtime.adaptor.EclipseStarter.run(EclipseStarter.java:179)
	at sun.reflect.NativeMethodAccessorImpl.invoke0(Native Method)
	at sun.reflect.NativeMethodAccessorImpl.invoke(Unknown Source)
	at sun.reflect.DelegatingMethodAccessorImpl.invoke(Unknown Source)
	at java.lang.reflect.Method.invoke(Unknown Source)
	at org.eclipse.equinox.launcher.Main.invokeFramework(Main.java:549)
	at org.eclipse.equinox.launcher.Main.basicRun(Main.java:504)
	at org.eclipse.equinox.launcher.Main.run(Main.java:1236)
	at org.eclipse.equinox.launcher.Main.main(Main.java:1212)
Caused by: java.lang.NoClassDefFoundError: org/eclipse/ui/plugin/AbstractUIPlugin
	at java.lang.ClassLoader.defineClass1(Native Method)
	at java.lang.ClassLoader.defineClass(Unknown Source)
	at org.eclipse.osgi.internal.baseadaptor.DefaultClassLoader.defineClass(DefaultClassLoader.java:165)
	at org.eclipse.osgi.baseadaptor.loader.ClasspathManager.defineClass(ClasspathManager.java:503)
	at org.eclipse.osgi.baseadaptor.loader.ClasspathManager.findClassImpl(ClasspathManager.java:473)
	at org.eclipse.osgi.baseadaptor.loader.ClasspathManager.findLocalClassImpl(ClasspathManager.java:432)
	at org.eclipse.osgi.baseadaptor.loader.ClasspathManager.findLocalClass(ClasspathManager.java:415)
	at org.eclipse.osgi.internal.baseadaptor.DefaultClassLoader.findLocalClass(DefaultClassLoader.java:193)
	at org.eclipse.osgi.framework.internal.core.BundleLoader.findLocalClass(BundleLoader.java:368)
	at org.eclipse.osgi.framework.internal.core.BundleLoader.findClassInternal(BundleLoader.java:444)
	at org.eclipse.osgi.framework.internal.core.BundleLoader.findClass(BundleLoader.java:397)
	at org.eclipse.osgi.framework.internal.core.BundleLoader.findClass(BundleLoader.java:385)
	at org.eclipse.osgi.internal.baseadaptor.DefaultClassLoader.loadClass(DefaultClassLoader.java:87)
	at java.lang.ClassLoader.loadClass(Unknown Source)
	at org.eclipse.osgi.framework.internal.core.BundleLoader.loadClass(BundleLoader.java:313)
	at org.eclipse.osgi.framework.internal.core.BundleHost.loadClass(BundleHost.java:227)
	at org.eclipse.osgi.framework.internal.core.AbstractBundle.loadBundleActivator(AbstractBundle.java:139)
	... 33 more
Root exception:
java.lang.NoClassDefFoundError: org/eclipse/ui/plugin/AbstractUIPlugin
	at java.lang.ClassLoader.defineClass1(Native Method)
	at java.lang.ClassLoader.defineClass(Unknown Source)
	at org.eclipse.osgi.internal.baseadaptor.DefaultClassLoader.defineClass(DefaultClassLoader.java:165)
	at org.eclipse.osgi.baseadaptor.loader.ClasspathManager.defineClass(ClasspathManager.java:503)
	at org.eclipse.osgi.baseadaptor.loader.ClasspathManager.findClassImpl(ClasspathManager.java:473)
	at org.eclipse.osgi.baseadaptor.loader.ClasspathManager.findLocalClassImpl(ClasspathManager.java:432)
	at org.eclipse.osgi.baseadaptor.loader.ClasspathManager.findLocalClass(ClasspathManager.java:415)
	at org.eclipse.osgi.internal.baseadaptor.DefaultClassLoader.findLocalClass(DefaultClassLoader.java:193)
	at org.eclipse.osgi.framework.internal.core.BundleLoader.findLocalClass(BundleLoader.java:368)
	at org.eclipse.osgi.framework.internal.core.BundleLoader.findClassInternal(BundleLoader.java:444)
	at org.eclipse.osgi.framework.internal.core.BundleLoader.findClass(BundleLoader.java:397)
	at org.eclipse.osgi.framework.internal.core.BundleLoader.findClass(BundleLoader.java:385)
	at org.eclipse.osgi.internal.baseadaptor.DefaultClassLoader.loadClass(DefaultClassLoader.java:87)
	at java.lang.ClassLoader.loadClass(Unknown Source)
	at org.eclipse.osgi.framework.internal.core.BundleLoader.loadClass(BundleLoader.java:313)
	at org.eclipse.osgi.framework.internal.core.BundleHost.loadClass(BundleHost.java:227)
	at org.eclipse.osgi.framework.internal.core.AbstractBundle.loadBundleActivator(AbstractBundle.java:139)
	at org.eclipse.osgi.framework.internal.core.BundleContextImpl.start(BundleContextImpl.java:980)
	at org.eclipse.osgi.framework.internal.core.BundleHost.startWorker(BundleHost.java:346)
	at org.eclipse.osgi.framework.internal.core.AbstractBundle.start(AbstractBundle.java:265)
	at org.eclipse.osgi.framework.util.SecureAction.start(SecureAction.java:400)
	at org.eclipse.core.runtime.internal.adaptor.EclipseLazyStarter.postFindLocalClass(EclipseLazyStarter.java:111)
	at org.eclipse.osgi.baseadaptor.loader.ClasspathManager.findLocalClass(ClasspathManager.java:419)
	at org.eclipse.osgi.internal.baseadaptor.DefaultClassLoader.findLocalClass(DefaultClassLoader.java:193)
	at org.eclipse.osgi.framework.internal.core.BundleLoader.findLocalClass(BundleLoader.java:368)
	at org.eclipse.osgi.framework.internal.core.BundleLoader.findClassInternal(BundleLoader.java:444)
	at org.eclipse.osgi.framework.internal.core.BundleLoader.findClass(BundleLoader.java:397)
	at org.eclipse.osgi.framework.internal.core.BundleLoader.findClass(BundleLoader.java:385)
	at org.eclipse.osgi.internal.baseadaptor.DefaultClassLoader.loadClass(DefaultClassLoader.java:87)
	at java.lang.ClassLoader.loadClass(Unknown Source)
	at org.eclipse.osgi.framework.internal.core.BundleLoader.loadClass(BundleLoader.java:313)
	at org.eclipse.osgi.framework.internal.core.BundleHost.loadClass(BundleHost.java:227)
	at org.eclipse.osgi.framework.internal.core.AbstractBundle.loadClass(AbstractBundle.java:1273)
	at org.eclipse.core.internal.registry.osgi.RegistryStrategyOSGI.createExecutableExtension(RegistryStrategyOSGI.java:160)
	at org.eclipse.core.internal.registry.ExtensionRegistry.createExecutableExtension(ExtensionRegistry.java:863)
	at org.eclipse.core.internal.registry.ConfigurationElement.createExecutableExtension(ConfigurationElement.java:243)
	at org.eclipse.core.internal.registry.ConfigurationElementHandle.createExecutableExtension(ConfigurationElementHandle.java:51)
	at org.eclipse.equinox.internal.app.EclipseAppHandle.run(EclipseAppHandle.java:188)
	at org.eclipse.core.runtime.internal.adaptor.EclipseAppLauncher.runApplication(EclipseAppLauncher.java:110)
	at org.eclipse.core.runtime.internal.adaptor.EclipseAppLauncher.start(EclipseAppLauncher.java:79)
	at org.eclipse.core.runtime.adaptor.EclipseStarter.run(EclipseStarter.java:379)
	at org.eclipse.core.runtime.adaptor.EclipseStarter.run(EclipseStarter.java:179)
	at sun.reflect.NativeMethodAccessorImpl.invoke0(Native Method)
	at sun.reflect.NativeMethodAccessorImpl.invoke(Unknown Source)
	at sun.reflect.DelegatingMethodAccessorImpl.invoke(Unknown Source)
	at java.lang.reflect.Method.invoke(Unknown Source)
	at org.eclipse.equinox.launcher.Main.invokeFramework(Main.java:549)
	at org.eclipse.equinox.launcher.Main.basicRun(Main.java:504)
	at org.eclipse.equinox.launcher.Main.run(Main.java:1236)
	at org.eclipse.equinox.launcher.Main.main(Main.java:1212)

!ENTRY org.eclipse.osgi 4 0 2009-02-11 16:21:13.060
!MESSAGE Application error
!STACK 1
org.eclipse.core.runtime.CoreException: Plug-in net.confex was unable to load class net.confex.application.ConfexApplication.
	at org.eclipse.core.internal.registry.osgi.RegistryStrategyOSGI.throwException(RegistryStrategyOSGI.java:180)
	at org.eclipse.core.internal.registry.osgi.RegistryStrategyOSGI.createExecutableExtension(RegistryStrategyOSGI.java:162)
	at org.eclipse.core.internal.registry.ExtensionRegistry.createExecutableExtension(ExtensionRegistry.java:863)
	at org.eclipse.core.internal.registry.ConfigurationElement.createExecutableExtension(ConfigurationElement.java:243)
	at org.eclipse.core.internal.registry.ConfigurationElementHandle.createExecutableExtension(ConfigurationElementHandle.java:51)
	at org.eclipse.equinox.internal.app.EclipseAppHandle.run(EclipseAppHandle.java:188)
	at org.eclipse.core.runtime.internal.adaptor.EclipseAppLauncher.runApplication(EclipseAppLauncher.java:110)
	at org.eclipse.core.runtime.internal.adaptor.EclipseAppLauncher.start(EclipseAppLauncher.java:79)
	at org.eclipse.core.runtime.adaptor.EclipseStarter.run(EclipseStarter.java:379)
	at org.eclipse.core.runtime.adaptor.EclipseStarter.run(EclipseStarter.java:179)
	at sun.reflect.NativeMethodAccessorImpl.invoke0(Native Method)
	at sun.reflect.NativeMethodAccessorImpl.invoke(Unknown Source)
	at sun.reflect.DelegatingMethodAccessorImpl.invoke(Unknown Source)
	at java.lang.reflect.Method.invoke(Unknown Source)
	at org.eclipse.equinox.launcher.Main.invokeFramework(Main.java:549)
	at org.eclipse.equinox.launcher.Main.basicRun(Main.java:504)
	at org.eclipse.equinox.launcher.Main.run(Main.java:1236)
	at org.eclipse.equinox.launcher.Main.main(Main.java:1212)
Caused by: org.eclipse.core.runtime.internal.adaptor.EclipseLazyStarter$TerminatingClassNotFoundException: An error occurred while automatically activating bundle net.confex (2).
	at org.eclipse.core.runtime.internal.adaptor.EclipseLazyStarter.postFindLocalClass(EclipseLazyStarter.java:125)
	at org.eclipse.osgi.baseadaptor.loader.ClasspathManager.findLocalClass(ClasspathManager.java:419)
	at org.eclipse.osgi.internal.baseadaptor.DefaultClassLoader.findLocalClass(DefaultClassLoader.java:193)
	at org.eclipse.osgi.framework.internal.core.BundleLoader.findLocalClass(BundleLoader.java:368)
	at org.eclipse.osgi.framework.internal.core.BundleLoader.findClassInternal(BundleLoader.java:444)
	at org.eclipse.osgi.framework.internal.core.BundleLoader.findClass(BundleLoader.java:397)
	at org.eclipse.osgi.framework.internal.core.BundleLoader.findClass(BundleLoader.java:385)
	at org.eclipse.osgi.internal.baseadaptor.DefaultClassLoader.loadClass(DefaultClassLoader.java:87)
	at java.lang.ClassLoader.loadClass(Unknown Source)
	at org.eclipse.osgi.framework.internal.core.BundleLoader.loadClass(BundleLoader.java:313)
	at org.eclipse.osgi.framework.internal.core.BundleHost.loadClass(BundleHost.java:227)
	at org.eclipse.osgi.framework.internal.core.AbstractBundle.loadClass(AbstractBundle.java:1273)
	at org.eclipse.core.internal.registry.osgi.RegistryStrategyOSGI.createExecutableExtension(RegistryStrategyOSGI.java:160)
	... 16 more
Caused by: org.osgi.framework.BundleException: The activator net.confex.application.ConfexPlugin for bundle net.confex is invalid
	at org.eclipse.osgi.framework.internal.core.AbstractBundle.loadBundleActivator(AbstractBundle.java:146)
	at org.eclipse.osgi.framework.internal.core.BundleContextImpl.start(BundleContextImpl.java:980)
	at org.eclipse.osgi.framework.internal.core.BundleHost.startWorker(BundleHost.java:346)
	at org.eclipse.osgi.framework.internal.core.AbstractBundle.start(AbstractBundle.java:265)
	at org.eclipse.osgi.framework.util.SecureAction.start(SecureAction.java:400)
	at org.eclipse.core.runtime.internal.adaptor.EclipseLazyStarter.postFindLocalClass(EclipseLazyStarter.java:111)
	... 28 more
Caused by: java.lang.NoClassDefFoundError: org/eclipse/ui/plugin/AbstractUIPlugin
	at java.lang.ClassLoader.defineClass1(Native Method)
	at java.lang.ClassLoader.defineClass(Unknown Source)
	at org.eclipse.osgi.internal.baseadaptor.DefaultClassLoader.defineClass(DefaultClassLoader.java:165)
	at org.eclipse.osgi.baseadaptor.loader.ClasspathManager.defineClass(ClasspathManager.java:503)
	at org.eclipse.osgi.baseadaptor.loader.ClasspathManager.findClassImpl(ClasspathManager.java:473)
	at org.eclipse.osgi.baseadaptor.loader.ClasspathManager.findLocalClassImpl(ClasspathManager.java:432)
	at org.eclipse.osgi.baseadaptor.loader.ClasspathManager.findLocalClass(ClasspathManager.java:415)
	at org.eclipse.osgi.internal.baseadaptor.DefaultClassLoader.findLocalClass(DefaultClassLoader.java:193)
	at org.eclipse.osgi.framework.internal.core.BundleLoader.findLocalClass(BundleLoader.java:368)
	at org.eclipse.osgi.framework.internal.core.BundleLoader.findClassInternal(BundleLoader.java:444)
	at org.eclipse.osgi.framework.internal.core.BundleLoader.findClass(BundleLoader.java:397)
	at org.eclipse.osgi.framework.internal.core.BundleLoader.findClass(BundleLoader.java:385)
	at org.eclipse.osgi.internal.baseadaptor.DefaultClassLoader.loadClass(DefaultClassLoader.java:87)
	at java.lang.ClassLoader.loadClass(Unknown Source)
	at org.eclipse.osgi.framework.internal.core.BundleLoader.loadClass(BundleLoader.java:313)
	at org.eclipse.osgi.framework.internal.core.BundleHost.loadClass(BundleHost.java:227)
	at org.eclipse.osgi.framework.internal.core.AbstractBundle.loadBundleActivator(AbstractBundle.java:139)
	... 33 more
