!SESSION 2014-11-09 23:00:08.378 -----------------------------------------------
eclipse.buildId=unknown
java.version=1.6.0_43
java.vendor=Sun Microsystems Inc.
BootLoader constants: OS=win32, ARCH=x86, WS=win32, NL=ru_RU
Framework arguments:  -product net.confex.confex_all
Command-line arguments:  -product net.confex.confex_all -data E:\ERV\CONFEX_NEW\WRK_CONFEX_TOTAL/../runtime-net.confex.all.product -dev file:E:/ERV/CONFEX_NEW/WRK_CONFEX_TOTAL/.metadata/.plugins/org.eclipse.pde.core/net.confex.all.product/dev.properties -os win32 -ws win32 -arch x86 -consoleLog

!ENTRY org.eclipse.equinox.app 0 0 2014-11-09 23:00:09.130
!MESSAGE Product net.confex.confex_all could not be found.

!ENTRY org.eclipse.osgi 2 0 2014-11-09 23:00:09.150
!MESSAGE One or more bundles are not resolved because the following root constraints are not resolved:
!SUBENTRY 1 org.eclipse.osgi 2 0 2014-11-09 23:00:09.150
!MESSAGE Bundle initial@reference:file:plugins/org.eclipse.ui.workbench.texteditor_3.7.0.v20110928-1504.jar/ was not resolved.
!SUBENTRY 2 org.eclipse.ui.workbench.texteditor 2 0 2014-11-09 23:00:09.150
!MESSAGE Missing required bundle org.eclipse.compare.core_[3.5.0,4.0.0).
!SUBENTRY 1 org.eclipse.osgi 2 0 2014-11-09 23:00:09.150
!MESSAGE Bundle initial@reference:file:plugins/org.eclipse.jface.databinding_1.5.0.I20100907-0800.jar/ was not resolved.
!SUBENTRY 2 org.eclipse.jface.databinding 2 0 2014-11-09 23:00:09.150
!MESSAGE Missing required bundle org.eclipse.core.databinding.observable_[1.3.0,2.0.0).
!SUBENTRY 2 org.eclipse.jface.databinding 2 0 2014-11-09 23:00:09.150
!MESSAGE Missing required bundle org.eclipse.core.databinding.property_[1.3.0,2.0.0).
!SUBENTRY 1 org.eclipse.osgi 2 0 2014-11-09 23:00:09.150
!MESSAGE Bundle initial@reference:file:plugins/org.eclipse.ui.ide_3.7.0.v20110928-1505.jar/ was not resolved.
!SUBENTRY 2 org.eclipse.ui.ide 2 0 2014-11-09 23:00:09.150
!MESSAGE Missing required bundle org.eclipse.equinox.p2.engine_[2.0.0,3.0.0).
!SUBENTRY 2 org.eclipse.ui.ide 2 0 2014-11-09 23:00:09.150
!MESSAGE Missing required bundle org.eclipse.equinox.p2.metadata_[2.0.0,3.0.0).
!SUBENTRY 1 org.eclipse.osgi 2 0 2014-11-09 23:00:09.150
!MESSAGE Bundle initial@reference:file:plugins/org.eclipse.core.databinding_1.4.0.I20110111-0800.jar/ was not resolved.
!SUBENTRY 2 org.eclipse.core.databinding 2 0 2014-11-09 23:00:09.150
!MESSAGE Missing required bundle org.eclipse.core.databinding.observable_[1.3.0,2.0.0).
!SUBENTRY 2 org.eclipse.core.databinding 2 0 2014-11-09 23:00:09.150
!MESSAGE Missing required bundle org.eclipse.core.databinding.property_[1.3.0,2.0.0).
!SUBENTRY 1 org.eclipse.osgi 2 0 2014-11-09 23:00:09.150
!MESSAGE Bundle initial@reference:file:plugins/org.eclipse.compare_3.5.202.R37x_v20111109-0800.jar/ was not resolved.
!SUBENTRY 2 org.eclipse.compare 2 0 2014-11-09 23:00:09.150
!MESSAGE Missing required bundle org.eclipse.compare.core_[3.5.0,4.0.0).
!SUBENTRY 1 org.eclipse.osgi 2 0 2014-11-09 23:00:09.150
!MESSAGE Bundle initial@reference:file:plugins/org.eclipse.ui.workbench_3.7.1.v20120104-1859.jar/ was not resolved.
!SUBENTRY 2 org.eclipse.ui.workbench 2 0 2014-11-09 23:00:09.150
!MESSAGE Missing required bundle org.eclipse.core.databinding.property_[1.2.0,2.0.0).
!SUBENTRY 2 org.eclipse.ui.workbench 2 0 2014-11-09 23:00:09.150
!MESSAGE Missing required bundle org.eclipse.core.databinding.observable_[1.2.0,2.0.0).

!ENTRY org.eclipse.osgi 2 0 2014-11-09 23:00:09.150
!MESSAGE The following is a complete list of bundles which are not resolved, see the prior log entry for the root cause if it exists:
!SUBENTRY 1 org.eclipse.osgi 2 0 2014-11-09 23:00:09.150
!MESSAGE Bundle org.eclipse.ltk.ui.refactoring_3.6.0.v20110928-1453 [243] was not resolved.
!SUBENTRY 2 org.eclipse.ltk.ui.refactoring 2 0 2014-11-09 23:00:09.150
!MESSAGE Missing required bundle org.eclipse.ui_[3.5.0,4.0.0).
!SUBENTRY 2 org.eclipse.ltk.ui.refactoring 2 0 2014-11-09 23:00:09.150
!MESSAGE Missing required bundle org.eclipse.ui.navigator_[3.3.200,4.0.0).
!SUBENTRY 2 org.eclipse.ltk.ui.refactoring 2 0 2014-11-09 23:00:09.150
!MESSAGE Missing required bundle org.eclipse.compare_[3.5.0,4.0.0).
!SUBENTRY 2 org.eclipse.ltk.ui.refactoring 2 0 2014-11-09 23:00:09.150
!MESSAGE Missing required bundle org.eclipse.team.ui_[3.4.100,4.0.0).
!SUBENTRY 1 org.eclipse.osgi 2 0 2014-11-09 23:00:09.150
!MESSAGE Bundle net.confex.sqlexplorer_0.9.16 [245] was not resolved.
!SUBENTRY 2 net.confex.sqlexplorer 2 0 2014-11-09 23:00:09.150
!MESSAGE Missing required bundle org.eclipse.ui_0.0.0.
!SUBENTRY 2 net.confex.sqlexplorer 2 0 2014-11-09 23:00:09.150
!MESSAGE Missing required bundle net.confex_0.0.0.
!SUBENTRY 2 net.confex.sqlexplorer 2 0 2014-11-09 23:00:09.150
!MESSAGE Missing required bundle net.confex.db_0.0.0.
!SUBENTRY 2 net.confex.sqlexplorer 2 0 2014-11-09 23:00:09.150
!MESSAGE Missing required bundle net.sourceforge.sqlexplorer_3.0.0.
!SUBENTRY 1 org.eclipse.osgi 2 0 2014-11-09 23:00:09.160
!MESSAGE Bundle net.confex.external_dll_0.9.18 [251] was not resolved.
!SUBENTRY 2 net.confex.external_dll 2 0 2014-11-09 23:00:09.160
!MESSAGE Missing required bundle org.eclipse.ui_0.0.0.
!SUBENTRY 1 org.eclipse.osgi 2 0 2014-11-09 23:00:09.160
!MESSAGE Bundle net.confex.editor_0.9.16 [254] was not resolved.
!SUBENTRY 2 net.confex.editor 2 0 2014-11-09 23:00:09.160
!MESSAGE Missing required bundle org.eclipse.ui_0.0.0.
!SUBENTRY 2 net.confex.editor 2 0 2014-11-09 23:00:09.160
!MESSAGE Missing required bundle org.eclipse.ui.editors_0.0.0.
!SUBENTRY 2 net.confex.editor 2 0 2014-11-09 23:00:09.160
!MESSAGE Missing required bundle org.eclipse.ui.ide_0.0.0.
!SUBENTRY 2 net.confex.editor 2 0 2014-11-09 23:00:09.160
!MESSAGE Missing required bundle org.eclipse.ui.workbench.texteditor_0.0.0.
!SUBENTRY 2 net.confex.editor 2 0 2014-11-09 23:00:09.160
!MESSAGE Missing required bundle net.confex_0.0.0.
!SUBENTRY 2 net.confex.editor 2 0 2014-11-09 23:00:09.160
!MESSAGE Missing required bundle org.eclipse.jdt.ui_3.4.0.
!SUBENTRY 1 org.eclipse.osgi 2 0 2014-11-09 23:00:09.160
!MESSAGE Bundle net.confex_0.9.19 [255] was not resolved.
!SUBENTRY 2 net.confex 2 0 2014-11-09 23:00:09.160
!MESSAGE Missing required bundle org.eclipse.ui_0.0.0.
!SUBENTRY 2 net.confex 2 0 2014-11-09 23:00:09.160
!MESSAGE Missing required bundle org.eclipse.update.ui_3.2.100.
!SUBENTRY 2 net.confex 2 0 2014-11-09 23:00:09.160
!MESSAGE Missing required bundle org.eclipse.ui.console_3.3.0.
!SUBENTRY 2 net.confex 2 0 2014-11-09 23:00:09.160
!MESSAGE Missing required bundle org.eclipse.update.scheduler_3.2.100.
!SUBENTRY 2 net.confex 2 0 2014-11-09 23:00:09.160
!MESSAGE Missing required bundle org.eclipse.ui.ide_3.4.0.
!SUBENTRY 1 org.eclipse.osgi 2 0 2014-11-09 23:00:09.160
!MESSAGE Bundle org.eclipse.ui.editors_3.7.0.v20110928-1504 [257] was not resolved.
!SUBENTRY 2 org.eclipse.ui.editors 2 0 2014-11-09 23:00:09.160
!MESSAGE Missing required bundle org.eclipse.ui.ide_[3.5.0,4.0.0).
!SUBENTRY 2 org.eclipse.ui.editors 2 0 2014-11-09 23:00:09.160
!MESSAGE Missing required bundle org.eclipse.ui_[3.5.0,4.0.0).
!SUBENTRY 2 org.eclipse.ui.editors 2 0 2014-11-09 23:00:09.160
!MESSAGE Missing required bundle org.eclipse.ui.workbench.texteditor_[3.7.0,4.0.0).
!SUBENTRY 1 org.eclipse.osgi 2 0 2014-11-09 23:00:09.160
!MESSAGE Bundle net.confex.db_0.9.16 [258] was not resolved.
!SUBENTRY 2 net.confex.db 2 0 2014-11-09 23:00:09.160
!MESSAGE Missing required bundle org.eclipse.ui_0.0.0.
!SUBENTRY 2 net.confex.db 2 0 2014-11-09 23:00:09.160
!MESSAGE Missing required bundle net.confex_0.0.0.
!SUBENTRY 1 org.eclipse.osgi 2 0 2014-11-09 23:00:09.160
!MESSAGE Bundle org.eclipse.update.ui_3.2.300.v20100512 [259] was not resolved.
!SUBENTRY 2 org.eclipse.update.ui 2 0 2014-11-09 23:00:09.160
!MESSAGE Missing required bundle org.eclipse.ui_[3.2.0,4.0.0).
!SUBENTRY 1 org.eclipse.osgi 2 0 2014-11-09 23:00:09.160
!MESSAGE Bundle org.eclipse.search_3.7.0.v20110928-1504 [261] was not resolved.
!SUBENTRY 2 org.eclipse.search 2 0 2014-11-09 23:00:09.160
!MESSAGE Missing required bundle org.eclipse.ui_[3.5.0,4.0.0).
!SUBENTRY 2 org.eclipse.search 2 0 2014-11-09 23:00:09.160
!MESSAGE Missing required bundle org.eclipse.ui.ide_[3.5.0,4.0.0).
!SUBENTRY 2 org.eclipse.search 2 0 2014-11-09 23:00:09.160
!MESSAGE Missing required bundle org.eclipse.ui.workbench.texteditor_[3.5.0,4.0.0).
!SUBENTRY 2 org.eclipse.search 2 0 2014-11-09 23:00:09.160
!MESSAGE Missing required bundle org.eclipse.ltk.ui.refactoring_[3.5.0,4.0.0).
!SUBENTRY 1 org.eclipse.osgi 2 0 2014-11-09 23:00:09.160
!MESSAGE Bundle net.sourceforge.sqlexplorer_3.0.0.20060901 [262] was not resolved.
!SUBENTRY 2 net.sourceforge.sqlexplorer 2 0 2014-11-09 23:00:09.160
!MESSAGE Missing required bundle org.eclipse.ui_3.2.0.
!SUBENTRY 2 net.sourceforge.sqlexplorer 2 0 2014-11-09 23:00:09.160
!MESSAGE Missing required bundle org.eclipse.ui.workbench.texteditor_3.2.0.
!SUBENTRY 2 net.sourceforge.sqlexplorer 2 0 2014-11-09 23:00:09.160
!MESSAGE Missing required bundle org.eclipse.ui.editors_3.2.0.
!SUBENTRY 2 net.sourceforge.sqlexplorer 2 0 2014-11-09 23:00:09.160
!MESSAGE Missing required bundle org.eclipse.ui.ide_3.4.0.
!SUBENTRY 1 org.eclipse.osgi 2 0 2014-11-09 23:00:09.160
!MESSAGE Bundle org.eclipse.ui.navigator.resources_3.4.300.v20110928-1505 [265] was not resolved.
!SUBENTRY 2 org.eclipse.ui.navigator.resources 2 0 2014-11-09 23:00:09.160
!MESSAGE Missing required bundle org.eclipse.ui.ide_[3.6.0,4.0.0).
!SUBENTRY 2 org.eclipse.ui.navigator.resources 2 0 2014-11-09 23:00:09.160
!MESSAGE Missing required bundle org.eclipse.ui_[3.6.0,4.0.0).
!SUBENTRY 2 org.eclipse.ui.navigator.resources 2 0 2014-11-09 23:00:09.160
!MESSAGE Missing required bundle org.eclipse.ui.navigator_[3.5.0,4.0.0).
!SUBENTRY 2 org.eclipse.ui.navigator.resources 2 0 2014-11-09 23:00:09.160
!MESSAGE Missing required bundle org.eclipse.ui.views.properties.tabbed_[3.5.0,4.0.0).
!SUBENTRY 2 org.eclipse.ui.navigator.resources 2 0 2014-11-09 23:00:09.160
!MESSAGE Missing required bundle org.eclipse.ui.workbench.texteditor_[3.6.0,4.0.0).
!SUBENTRY 2 org.eclipse.ui.navigator.resources 2 0 2014-11-09 23:00:09.160
!MESSAGE Missing required bundle org.eclipse.ltk.ui.refactoring_[3.5.0,4.0.0).
!SUBENTRY 1 org.eclipse.osgi 2 0 2014-11-09 23:00:09.160
!MESSAGE Bundle org.eclipse.ui.workbench.texteditor_3.7.0.v20110928-1504 [267] was not resolved.
!SUBENTRY 2 org.eclipse.ui.workbench.texteditor 2 0 2014-11-09 23:00:09.160
!MESSAGE Missing required bundle org.eclipse.compare.core_[3.5.0,4.0.0).
!SUBENTRY 2 org.eclipse.ui.workbench.texteditor 2 0 2014-11-09 23:00:09.160
!MESSAGE Missing required bundle org.eclipse.ui_[3.5.0,4.0.0).
!SUBENTRY 1 org.eclipse.osgi 2 0 2014-11-09 23:00:09.160
!MESSAGE Bundle org.eclipse.ui.views.properties.tabbed_3.5.200.v20110928-1505 [270] was not resolved.
!SUBENTRY 2 org.eclipse.ui.views.properties.tabbed 2 0 2014-11-09 23:00:09.160
!MESSAGE Missing required bundle org.eclipse.ui.views_[3.2.0,4.0.0).
!SUBENTRY 2 org.eclipse.ui.views.properties.tabbed 2 0 2014-11-09 23:00:09.160
!MESSAGE Missing required bundle org.eclipse.ui_[3.3.0,4.0.0).
!SUBENTRY 1 org.eclipse.osgi 2 0 2014-11-09 23:00:09.160
!MESSAGE Bundle org.eclipse.ui.console_3.5.100.v20111007_r372 [272] was not resolved.
!SUBENTRY 2 org.eclipse.ui.console 2 0 2014-11-09 23:00:09.160
!MESSAGE Missing required bundle org.eclipse.ui_[3.5.0,4.0.0).
!SUBENTRY 2 org.eclipse.ui.console 2 0 2014-11-09 23:00:09.160
!MESSAGE Missing required bundle org.eclipse.ui.workbench.texteditor_[3.5.0,4.0.0).
!SUBENTRY 1 org.eclipse.osgi 2 0 2014-11-09 23:00:09.160
!MESSAGE Bundle org.eclipse.debug.ui_3.7.102.v20111129-1423_r372 [273] was not resolved.
!SUBENTRY 2 org.eclipse.debug.ui 2 0 2014-11-09 23:00:09.160
!MESSAGE Missing required bundle org.eclipse.ui_[3.5.0,4.0.0).
!SUBENTRY 2 org.eclipse.debug.ui 2 0 2014-11-09 23:00:09.160
!MESSAGE Missing required bundle org.eclipse.ui.console_[3.4.0,4.0.0).
!SUBENTRY 2 org.eclipse.debug.ui 2 0 2014-11-09 23:00:09.160
!MESSAGE Missing required bundle org.eclipse.ui.workbench.texteditor_[3.5.0,4.0.0).
!SUBENTRY 2 org.eclipse.debug.ui 2 0 2014-11-09 23:00:09.160
!MESSAGE Missing required bundle org.eclipse.ui.ide_[3.5.0,4.0.0).
!SUBENTRY 2 org.eclipse.debug.ui 2 0 2014-11-09 23:00:09.160
!MESSAGE Missing required bundle org.eclipse.ui.editors_[3.5.0,4.0.0).
!SUBENTRY 1 org.eclipse.osgi 2 0 2014-11-09 23:00:09.160
!MESSAGE Bundle org.eclipse.ui.navigator_3.5.101.v20120106-1355 [275] was not resolved.
!SUBENTRY 2 org.eclipse.ui.navigator 2 0 2014-11-09 23:00:09.160
!MESSAGE Missing required bundle org.eclipse.ui_[3.6.0,4.0.0).
!SUBENTRY 1 org.eclipse.osgi 2 0 2014-11-09 23:00:09.160
!MESSAGE Bundle org.eclipse.ui.ide_3.7.0.v20110928-1505 [277] was not resolved.
!SUBENTRY 2 org.eclipse.ui.ide 2 0 2014-11-09 23:00:09.160
!MESSAGE Missing required bundle org.eclipse.ui_[3.5.0,4.0.0).
!SUBENTRY 2 org.eclipse.ui.ide 2 0 2014-11-09 23:00:09.160
!MESSAGE Missing required bundle org.eclipse.ui.workbench_[3.7.0,4.0.0).
!SUBENTRY 2 org.eclipse.ui.ide 2 0 2014-11-09 23:00:09.160
!MESSAGE Missing optionally required bundle org.eclipse.ui.views_[3.2.0,4.0.0).
!SUBENTRY 2 org.eclipse.ui.ide 2 0 2014-11-09 23:00:09.160
!MESSAGE Missing required bundle org.eclipse.equinox.p2.engine_[2.0.0,3.0.0).
!SUBENTRY 2 org.eclipse.ui.ide 2 0 2014-11-09 23:00:09.160
!MESSAGE Missing required bundle org.eclipse.equinox.p2.metadata_[2.0.0,3.0.0).
!SUBENTRY 1 org.eclipse.osgi 2 0 2014-11-09 23:00:09.160
!MESSAGE Bundle net.confex.customxml_0.9.16 [279] was not resolved.
!SUBENTRY 2 net.confex.customxml 2 0 2014-11-09 23:00:09.160
!MESSAGE Missing required bundle org.eclipse.ui_0.0.0.
!SUBENTRY 2 net.confex.customxml 2 0 2014-11-09 23:00:09.160
!MESSAGE Missing required bundle net.confex_0.0.0.
!SUBENTRY 1 org.eclipse.osgi 2 0 2014-11-09 23:00:09.160
!MESSAGE Bundle org.eclipse.jface.databinding_1.5.0.I20100907-0800 [280] was not resolved.
!SUBENTRY 2 org.eclipse.jface.databinding 2 0 2014-11-09 23:00:09.160
!MESSAGE Missing required bundle org.eclipse.core.databinding.observable_[1.3.0,2.0.0).
!SUBENTRY 2 org.eclipse.jface.databinding 2 0 2014-11-09 23:00:09.160
!MESSAGE Missing required bundle org.eclipse.core.databinding.property_[1.3.0,2.0.0).
!SUBENTRY 2 org.eclipse.jface.databinding 2 0 2014-11-09 23:00:09.160
!MESSAGE Missing required bundle org.eclipse.core.databinding_[1.2.0,2.0.0).
!SUBENTRY 1 org.eclipse.osgi 2 0 2014-11-09 23:00:09.160
!MESSAGE Bundle org.eclipse.ui.workbench_3.7.1.v20120104-1859 [281] was not resolved.
!SUBENTRY 2 org.eclipse.ui.workbench 2 0 2014-11-09 23:00:09.160
!MESSAGE Missing required bundle org.eclipse.jface.databinding_[1.3.0,2.0.0).
!SUBENTRY 2 org.eclipse.ui.workbench 2 0 2014-11-09 23:00:09.160
!MESSAGE Missing required bundle org.eclipse.core.databinding.property_[1.2.0,2.0.0).
!SUBENTRY 2 org.eclipse.ui.workbench 2 0 2014-11-09 23:00:09.160
!MESSAGE Missing required bundle org.eclipse.core.databinding.observable_[1.2.0,2.0.0).
!SUBENTRY 1 org.eclipse.osgi 2 0 2014-11-09 23:00:09.160
!MESSAGE Bundle net.confex.db.ora_0.9.16 [284] was not resolved.
!SUBENTRY 2 net.confex.db.ora 2 0 2014-11-09 23:00:09.160
!MESSAGE Missing required bundle net.confex.db_0.0.0.
!SUBENTRY 2 net.confex.db.ora 2 0 2014-11-09 23:00:09.160
!MESSAGE Missing required bundle net.confex_0.0.0.
!SUBENTRY 2 net.confex.db.ora 2 0 2014-11-09 23:00:09.160
!MESSAGE Missing required bundle org.eclipse.ui_0.0.0.
!SUBENTRY 1 org.eclipse.osgi 2 0 2014-11-09 23:00:09.160
!MESSAGE Bundle org.eclipse.jdt.ui_3.7.2.v20120109-1427 [286] was not resolved.
!SUBENTRY 2 org.eclipse.jdt.ui 2 0 2014-11-09 23:00:09.160
!MESSAGE Missing required bundle org.eclipse.search_[3.7.0,4.0.0).
!SUBENTRY 2 org.eclipse.jdt.ui 2 0 2014-11-09 23:00:09.160
!MESSAGE Missing required bundle org.eclipse.debug.ui_[3.5.0,4.0.0).
!SUBENTRY 2 org.eclipse.jdt.ui 2 0 2014-11-09 23:00:09.160
!MESSAGE Missing required bundle org.eclipse.compare_[3.5.0,4.0.0).
!SUBENTRY 2 org.eclipse.jdt.ui 2 0 2014-11-09 23:00:09.160
!MESSAGE Missing required bundle org.eclipse.team.ui_[3.4.100,4.0.0).
!SUBENTRY 2 org.eclipse.jdt.ui 2 0 2014-11-09 23:00:09.160
!MESSAGE Missing required bundle org.eclipse.ui_[3.5.0,4.0.0).
!SUBENTRY 2 org.eclipse.jdt.ui 2 0 2014-11-09 23:00:09.160
!MESSAGE Missing required bundle org.eclipse.ui.console_[3.4.0,4.0.0).
!SUBENTRY 2 org.eclipse.jdt.ui 2 0 2014-11-09 23:00:09.160
!MESSAGE Missing required bundle org.eclipse.ui.workbench.texteditor_[3.7.0,4.0.0).
!SUBENTRY 2 org.eclipse.jdt.ui 2 0 2014-11-09 23:00:09.160
!MESSAGE Missing required bundle org.eclipse.ui.ide_[3.5.0,4.0.0).
!SUBENTRY 2 org.eclipse.jdt.ui 2 0 2014-11-09 23:00:09.160
!MESSAGE Missing required bundle org.eclipse.ui.views_[3.3.100,4.0.0).
!SUBENTRY 2 org.eclipse.jdt.ui 2 0 2014-11-09 23:00:09.160
!MESSAGE Missing required bundle org.eclipse.ui.editors_[3.5.0,4.0.0).
!SUBENTRY 2 org.eclipse.jdt.ui 2 0 2014-11-09 23:00:09.160
!MESSAGE Missing required bundle org.eclipse.ltk.ui.refactoring_[3.5.0,4.0.0).
!SUBENTRY 2 org.eclipse.jdt.ui 2 0 2014-11-09 23:00:09.160
!MESSAGE Missing required bundle org.eclipse.ui.navigator_[3.3.200,4.0.0).
!SUBENTRY 2 org.eclipse.jdt.ui 2 0 2014-11-09 23:00:09.160
!MESSAGE Missing required bundle org.eclipse.ui.navigator.resources_[3.4.0,4.0.0).
!SUBENTRY 1 org.eclipse.osgi 2 0 2014-11-09 23:00:09.160
!MESSAGE Bundle org.eclipse.ui_3.7.0.v20110928-1505 [288] was not resolved.
!SUBENTRY 2 org.eclipse.ui 2 0 2014-11-09 23:00:09.160
!MESSAGE Missing required bundle org.eclipse.ui.workbench_[3.5.0,4.0.0).
!SUBENTRY 1 org.eclipse.osgi 2 0 2014-11-09 23:00:09.160
!MESSAGE Bundle org.eclipse.core.databinding_1.4.0.I20110111-0800 [295] was not resolved.
!SUBENTRY 2 org.eclipse.core.databinding 2 0 2014-11-09 23:00:09.160
!MESSAGE Missing required bundle org.eclipse.core.databinding.observable_[1.3.0,2.0.0).
!SUBENTRY 2 org.eclipse.core.databinding 2 0 2014-11-09 23:00:09.160
!MESSAGE Missing required bundle org.eclipse.core.databinding.property_[1.3.0,2.0.0).
!SUBENTRY 1 org.eclipse.osgi 2 0 2014-11-09 23:00:09.160
!MESSAGE Bundle org.eclipse.compare_3.5.202.R37x_v20111109-0800 [298] was not resolved.
!SUBENTRY 2 org.eclipse.compare 2 0 2014-11-09 23:00:09.160
!MESSAGE Missing required bundle org.eclipse.ui_[3.5.0,4.0.0).
!SUBENTRY 2 org.eclipse.compare 2 0 2014-11-09 23:00:09.160
!MESSAGE Missing required bundle org.eclipse.ui.ide_[3.3.0,4.0.0).
!SUBENTRY 2 org.eclipse.compare 2 0 2014-11-09 23:00:09.160
!MESSAGE Missing required bundle org.eclipse.ui.views_[3.2.0,4.0.0).
!SUBENTRY 2 org.eclipse.compare 2 0 2014-11-09 23:00:09.160
!MESSAGE Missing required bundle org.eclipse.ui.workbench.texteditor_[3.5.0,4.0.0).
!SUBENTRY 2 org.eclipse.compare 2 0 2014-11-09 23:00:09.160
!MESSAGE Missing required bundle org.eclipse.ui.editors_[3.5.0,4.0.0).
!SUBENTRY 2 org.eclipse.compare 2 0 2014-11-09 23:00:09.160
!MESSAGE Missing required bundle org.eclipse.compare.core_[3.5.0,4.0.0).
!SUBENTRY 1 org.eclipse.osgi 2 0 2014-11-09 23:00:09.160
!MESSAGE Bundle org.eclipse.update.scheduler_3.2.300.v20100512 [299] was not resolved.
!SUBENTRY 2 org.eclipse.update.scheduler 2 0 2014-11-09 23:00:09.160
!MESSAGE Missing required bundle org.eclipse.update.ui_[3.1.0,4.0.0).
!SUBENTRY 2 org.eclipse.update.scheduler 2 0 2014-11-09 23:00:09.160
!MESSAGE Missing required bundle org.eclipse.ui_[3.2.0,4.0.0).
!SUBENTRY 1 org.eclipse.osgi 2 0 2014-11-09 23:00:09.160
!MESSAGE Bundle net.confex.groovy_0.9.18 [301] was not resolved.
!SUBENTRY 2 net.confex.groovy 2 0 2014-11-09 23:00:09.160
!MESSAGE Missing required bundle org.eclipse.ui_0.0.0.
!SUBENTRY 2 net.confex.groovy 2 0 2014-11-09 23:00:09.160
!MESSAGE Missing required bundle net.confex_0.0.0.
!SUBENTRY 2 net.confex.groovy 2 0 2014-11-09 23:00:09.160
!MESSAGE Missing required bundle net.confex.external_dll_0.9.18.
!SUBENTRY 1 org.eclipse.osgi 2 0 2014-11-09 23:00:09.160
!MESSAGE Bundle org.eclipse.team.ui_3.6.101.R37x_v20111109-0800 [302] was not resolved.
!SUBENTRY 2 org.eclipse.team.ui 2 0 2014-11-09 23:00:09.160
!MESSAGE Missing optionally required bundle org.eclipse.ui.ide_[3.3.0,4.0.0).
!SUBENTRY 2 org.eclipse.team.ui 2 0 2014-11-09 23:00:09.160
!MESSAGE Missing required bundle org.eclipse.ui_[3.5.0,4.0.0).
!SUBENTRY 2 org.eclipse.team.ui 2 0 2014-11-09 23:00:09.160
!MESSAGE Missing required bundle org.eclipse.compare_[3.3.0,4.0.0).
!SUBENTRY 2 org.eclipse.team.ui 2 0 2014-11-09 23:00:09.160
!MESSAGE Missing required bundle org.eclipse.ui.navigator_[3.3.0,4.0.0).
!SUBENTRY 2 org.eclipse.team.ui 2 0 2014-11-09 23:00:09.160
!MESSAGE Missing required bundle org.eclipse.ui.editors_[3.3.0,4.0.0).
!SUBENTRY 1 org.eclipse.osgi 2 0 2014-11-09 23:00:09.160
!MESSAGE Bundle org.eclipse.ui.views_3.6.0.v20110928-1505 [303] was not resolved.
!SUBENTRY 2 org.eclipse.ui.views 2 0 2014-11-09 23:00:09.160
!MESSAGE Missing required bundle org.eclipse.ui_[3.5.0,4.0.0).

!ENTRY org.eclipse.osgi 2 0 2014-11-09 23:00:09.170
!MESSAGE One or more bundles are not resolved because the following root constraints are not resolved:
!SUBENTRY 1 org.eclipse.osgi 2 0 2014-11-09 23:00:09.170
!MESSAGE Bundle initial@reference:file:plugins/org.eclipse.ui.workbench.texteditor_3.7.0.v20110928-1504.jar/ was not resolved.
!SUBENTRY 2 org.eclipse.ui.workbench.texteditor 2 0 2014-11-09 23:00:09.170
!MESSAGE Missing required bundle org.eclipse.compare.core_[3.5.0,4.0.0).
!SUBENTRY 1 org.eclipse.osgi 2 0 2014-11-09 23:00:09.170
!MESSAGE Bundle initial@reference:file:plugins/org.eclipse.jface.databinding_1.5.0.I20100907-0800.jar/ was not resolved.
!SUBENTRY 2 org.eclipse.jface.databinding 2 0 2014-11-09 23:00:09.170
!MESSAGE Missing required bundle org.eclipse.core.databinding.observable_[1.3.0,2.0.0).
!SUBENTRY 2 org.eclipse.jface.databinding 2 0 2014-11-09 23:00:09.170
!MESSAGE Missing required bundle org.eclipse.core.databinding.property_[1.3.0,2.0.0).
!SUBENTRY 1 org.eclipse.osgi 2 0 2014-11-09 23:00:09.170
!MESSAGE Bundle initial@reference:file:plugins/org.eclipse.ui.ide_3.7.0.v20110928-1505.jar/ was not resolved.
!SUBENTRY 2 org.eclipse.ui.ide 2 0 2014-11-09 23:00:09.170
!MESSAGE Missing required bundle org.eclipse.equinox.p2.engine_[2.0.0,3.0.0).
!SUBENTRY 2 org.eclipse.ui.ide 2 0 2014-11-09 23:00:09.170
!MESSAGE Missing required bundle org.eclipse.equinox.p2.metadata_[2.0.0,3.0.0).
!SUBENTRY 1 org.eclipse.osgi 2 0 2014-11-09 23:00:09.170
!MESSAGE Bundle initial@reference:file:plugins/org.eclipse.core.databinding_1.4.0.I20110111-0800.jar/ was not resolved.
!SUBENTRY 2 org.eclipse.core.databinding 2 0 2014-11-09 23:00:09.170
!MESSAGE Missing required bundle org.eclipse.core.databinding.observable_[1.3.0,2.0.0).
!SUBENTRY 2 org.eclipse.core.databinding 2 0 2014-11-09 23:00:09.170
!MESSAGE Missing required bundle org.eclipse.core.databinding.property_[1.3.0,2.0.0).
!SUBENTRY 1 org.eclipse.osgi 2 0 2014-11-09 23:00:09.170
!MESSAGE Bundle initial@reference:file:plugins/org.eclipse.compare_3.5.202.R37x_v20111109-0800.jar/ was not resolved.
!SUBENTRY 2 org.eclipse.compare 2 0 2014-11-09 23:00:09.170
!MESSAGE Missing required bundle org.eclipse.compare.core_[3.5.0,4.0.0).
!SUBENTRY 1 org.eclipse.osgi 2 0 2014-11-09 23:00:09.170
!MESSAGE Bundle initial@reference:file:plugins/org.eclipse.ui.workbench_3.7.1.v20120104-1859.jar/ was not resolved.
!SUBENTRY 2 org.eclipse.ui.workbench 2 0 2014-11-09 23:00:09.170
!MESSAGE Missing required bundle org.eclipse.core.databinding.property_[1.2.0,2.0.0).
!SUBENTRY 2 org.eclipse.ui.workbench 2 0 2014-11-09 23:00:09.170
!MESSAGE Missing required bundle org.eclipse.core.databinding.observable_[1.2.0,2.0.0).

!ENTRY org.eclipse.osgi 2 0 2014-11-09 23:00:09.180
!MESSAGE The following is a complete list of bundles which are not resolved, see the prior log entry for the root cause if it exists:
!SUBENTRY 1 org.eclipse.osgi 2 0 2014-11-09 23:00:09.180
!MESSAGE Bundle org.eclipse.ltk.ui.refactoring_3.6.0.v20110928-1453 [243] was not resolved.
!SUBENTRY 2 org.eclipse.ltk.ui.refactoring 2 0 2014-11-09 23:00:09.180
!MESSAGE Missing required bundle org.eclipse.ui_[3.5.0,4.0.0).
!SUBENTRY 2 org.eclipse.ltk.ui.refactoring 2 0 2014-11-09 23:00:09.180
!MESSAGE Missing required bundle org.eclipse.ui.navigator_[3.3.200,4.0.0).
!SUBENTRY 2 org.eclipse.ltk.ui.refactoring 2 0 2014-11-09 23:00:09.180
!MESSAGE Missing required bundle org.eclipse.compare_[3.5.0,4.0.0).
!SUBENTRY 2 org.eclipse.ltk.ui.refactoring 2 0 2014-11-09 23:00:09.180
!MESSAGE Missing required bundle org.eclipse.team.ui_[3.4.100,4.0.0).
!SUBENTRY 1 org.eclipse.osgi 2 0 2014-11-09 23:00:09.180
!MESSAGE Bundle net.confex.sqlexplorer_0.9.16 [245] was not resolved.
!SUBENTRY 2 net.confex.sqlexplorer 2 0 2014-11-09 23:00:09.180
!MESSAGE Missing required bundle org.eclipse.ui_0.0.0.
!SUBENTRY 2 net.confex.sqlexplorer 2 0 2014-11-09 23:00:09.180
!MESSAGE Missing required bundle net.confex_0.0.0.
!SUBENTRY 2 net.confex.sqlexplorer 2 0 2014-11-09 23:00:09.180
!MESSAGE Missing required bundle net.confex.db_0.0.0.
!SUBENTRY 2 net.confex.sqlexplorer 2 0 2014-11-09 23:00:09.180
!MESSAGE Missing required bundle net.sourceforge.sqlexplorer_3.0.0.
!SUBENTRY 1 org.eclipse.osgi 2 0 2014-11-09 23:00:09.180
!MESSAGE Bundle net.confex.external_dll_0.9.18 [251] was not resolved.
!SUBENTRY 2 net.confex.external_dll 2 0 2014-11-09 23:00:09.180
!MESSAGE Missing required bundle org.eclipse.ui_0.0.0.
!SUBENTRY 1 org.eclipse.osgi 2 0 2014-11-09 23:00:09.180
!MESSAGE Bundle net.confex.editor_0.9.16 [254] was not resolved.
!SUBENTRY 2 net.confex.editor 2 0 2014-11-09 23:00:09.180
!MESSAGE Missing required bundle org.eclipse.ui_0.0.0.
!SUBENTRY 2 net.confex.editor 2 0 2014-11-09 23:00:09.180
!MESSAGE Missing required bundle org.eclipse.ui.editors_0.0.0.
!SUBENTRY 2 net.confex.editor 2 0 2014-11-09 23:00:09.180
!MESSAGE Missing required bundle org.eclipse.ui.ide_0.0.0.
!SUBENTRY 2 net.confex.editor 2 0 2014-11-09 23:00:09.180
!MESSAGE Missing required bundle org.eclipse.ui.workbench.texteditor_0.0.0.
!SUBENTRY 2 net.confex.editor 2 0 2014-11-09 23:00:09.180
!MESSAGE Missing required bundle net.confex_0.0.0.
!SUBENTRY 2 net.confex.editor 2 0 2014-11-09 23:00:09.180
!MESSAGE Missing required bundle org.eclipse.jdt.ui_3.4.0.
!SUBENTRY 1 org.eclipse.osgi 2 0 2014-11-09 23:00:09.180
!MESSAGE Bundle net.confex_0.9.19 [255] was not resolved.
!SUBENTRY 2 net.confex 2 0 2014-11-09 23:00:09.180
!MESSAGE Missing required bundle org.eclipse.ui_0.0.0.
!SUBENTRY 2 net.confex 2 0 2014-11-09 23:00:09.180
!MESSAGE Missing required bundle org.eclipse.update.ui_3.2.100.
!SUBENTRY 2 net.confex 2 0 2014-11-09 23:00:09.180
!MESSAGE Missing required bundle org.eclipse.ui.console_3.3.0.
!SUBENTRY 2 net.confex 2 0 2014-11-09 23:00:09.180
!MESSAGE Missing required bundle org.eclipse.update.scheduler_3.2.100.
!SUBENTRY 2 net.confex 2 0 2014-11-09 23:00:09.180
!MESSAGE Missing required bundle org.eclipse.ui.ide_3.4.0.
!SUBENTRY 1 org.eclipse.osgi 2 0 2014-11-09 23:00:09.180
!MESSAGE Bundle org.eclipse.ui.editors_3.7.0.v20110928-1504 [257] was not resolved.
!SUBENTRY 2 org.eclipse.ui.editors 2 0 2014-11-09 23:00:09.180
!MESSAGE Missing required bundle org.eclipse.ui.ide_[3.5.0,4.0.0).
!SUBENTRY 2 org.eclipse.ui.editors 2 0 2014-11-09 23:00:09.180
!MESSAGE Missing required bundle org.eclipse.ui_[3.5.0,4.0.0).
!SUBENTRY 2 org.eclipse.ui.editors 2 0 2014-11-09 23:00:09.180
!MESSAGE Missing required bundle org.eclipse.ui.workbench.texteditor_[3.7.0,4.0.0).
!SUBENTRY 1 org.eclipse.osgi 2 0 2014-11-09 23:00:09.180
!MESSAGE Bundle net.confex.db_0.9.16 [258] was not resolved.
!SUBENTRY 2 net.confex.db 2 0 2014-11-09 23:00:09.180
!MESSAGE Missing required bundle org.eclipse.ui_0.0.0.
!SUBENTRY 2 net.confex.db 2 0 2014-11-09 23:00:09.180
!MESSAGE Missing required bundle net.confex_0.0.0.
!SUBENTRY 1 org.eclipse.osgi 2 0 2014-11-09 23:00:09.180
!MESSAGE Bundle org.eclipse.update.ui_3.2.300.v20100512 [259] was not resolved.
!SUBENTRY 2 org.eclipse.update.ui 2 0 2014-11-09 23:00:09.180
!MESSAGE Missing required bundle org.eclipse.ui_[3.2.0,4.0.0).
!SUBENTRY 1 org.eclipse.osgi 2 0 2014-11-09 23:00:09.180
!MESSAGE Bundle org.eclipse.search_3.7.0.v20110928-1504 [261] was not resolved.
!SUBENTRY 2 org.eclipse.search 2 0 2014-11-09 23:00:09.180
!MESSAGE Missing required bundle org.eclipse.ui_[3.5.0,4.0.0).
!SUBENTRY 2 org.eclipse.search 2 0 2014-11-09 23:00:09.180
!MESSAGE Missing required bundle org.eclipse.ui.ide_[3.5.0,4.0.0).
!SUBENTRY 2 org.eclipse.search 2 0 2014-11-09 23:00:09.180
!MESSAGE Missing required bundle org.eclipse.ui.workbench.texteditor_[3.5.0,4.0.0).
!SUBENTRY 2 org.eclipse.search 2 0 2014-11-09 23:00:09.180
!MESSAGE Missing required bundle org.eclipse.ltk.ui.refactoring_[3.5.0,4.0.0).
!SUBENTRY 1 org.eclipse.osgi 2 0 2014-11-09 23:00:09.180
!MESSAGE Bundle net.sourceforge.sqlexplorer_3.0.0.20060901 [262] was not resolved.
!SUBENTRY 2 net.sourceforge.sqlexplorer 2 0 2014-11-09 23:00:09.180
!MESSAGE Missing required bundle org.eclipse.ui_3.2.0.
!SUBENTRY 2 net.sourceforge.sqlexplorer 2 0 2014-11-09 23:00:09.180
!MESSAGE Missing required bundle org.eclipse.ui.workbench.texteditor_3.2.0.
!SUBENTRY 2 net.sourceforge.sqlexplorer 2 0 2014-11-09 23:00:09.180
!MESSAGE Missing required bundle org.eclipse.ui.editors_3.2.0.
!SUBENTRY 2 net.sourceforge.sqlexplorer 2 0 2014-11-09 23:00:09.180
!MESSAGE Missing required bundle org.eclipse.ui.ide_3.4.0.
!SUBENTRY 1 org.eclipse.osgi 2 0 2014-11-09 23:00:09.180
!MESSAGE Bundle org.eclipse.ui.navigator.resources_3.4.300.v20110928-1505 [265] was not resolved.
!SUBENTRY 2 org.eclipse.ui.navigator.resources 2 0 2014-11-09 23:00:09.180
!MESSAGE Missing required bundle org.eclipse.ui.ide_[3.6.0,4.0.0).
!SUBENTRY 2 org.eclipse.ui.navigator.resources 2 0 2014-11-09 23:00:09.180
!MESSAGE Missing required bundle org.eclipse.ui_[3.6.0,4.0.0).
!SUBENTRY 2 org.eclipse.ui.navigator.resources 2 0 2014-11-09 23:00:09.180
!MESSAGE Missing required bundle org.eclipse.ui.navigator_[3.5.0,4.0.0).
!SUBENTRY 2 org.eclipse.ui.navigator.resources 2 0 2014-11-09 23:00:09.180
!MESSAGE Missing required bundle org.eclipse.ui.views.properties.tabbed_[3.5.0,4.0.0).
!SUBENTRY 2 org.eclipse.ui.navigator.resources 2 0 2014-11-09 23:00:09.180
!MESSAGE Missing required bundle org.eclipse.ui.workbench.texteditor_[3.6.0,4.0.0).
!SUBENTRY 2 org.eclipse.ui.navigator.resources 2 0 2014-11-09 23:00:09.180
!MESSAGE Missing required bundle org.eclipse.ltk.ui.refactoring_[3.5.0,4.0.0).
!SUBENTRY 1 org.eclipse.osgi 2 0 2014-11-09 23:00:09.180
!MESSAGE Bundle org.eclipse.ui.workbench.texteditor_3.7.0.v20110928-1504 [267] was not resolved.
!SUBENTRY 2 org.eclipse.ui.workbench.texteditor 2 0 2014-11-09 23:00:09.180
!MESSAGE Missing required bundle org.eclipse.compare.core_[3.5.0,4.0.0).
!SUBENTRY 2 org.eclipse.ui.workbench.texteditor 2 0 2014-11-09 23:00:09.180
!MESSAGE Missing required bundle org.eclipse.ui_[3.5.0,4.0.0).
!SUBENTRY 1 org.eclipse.osgi 2 0 2014-11-09 23:00:09.180
!MESSAGE Bundle org.eclipse.ui.views.properties.tabbed_3.5.200.v20110928-1505 [270] was not resolved.
!SUBENTRY 2 org.eclipse.ui.views.properties.tabbed 2 0 2014-11-09 23:00:09.180
!MESSAGE Missing required bundle org.eclipse.ui.views_[3.2.0,4.0.0).
!SUBENTRY 2 org.eclipse.ui.views.properties.tabbed 2 0 2014-11-09 23:00:09.180
!MESSAGE Missing required bundle org.eclipse.ui_[3.3.0,4.0.0).
!SUBENTRY 1 org.eclipse.osgi 2 0 2014-11-09 23:00:09.180
!MESSAGE Bundle org.eclipse.ui.console_3.5.100.v20111007_r372 [272] was not resolved.
!SUBENTRY 2 org.eclipse.ui.console 2 0 2014-11-09 23:00:09.180
!MESSAGE Missing required bundle org.eclipse.ui_[3.5.0,4.0.0).
!SUBENTRY 2 org.eclipse.ui.console 2 0 2014-11-09 23:00:09.180
!MESSAGE Missing required bundle org.eclipse.ui.workbench.texteditor_[3.5.0,4.0.0).
!SUBENTRY 1 org.eclipse.osgi 2 0 2014-11-09 23:00:09.180
!MESSAGE Bundle org.eclipse.debug.ui_3.7.102.v20111129-1423_r372 [273] was not resolved.
!SUBENTRY 2 org.eclipse.debug.ui 2 0 2014-11-09 23:00:09.180
!MESSAGE Missing required bundle org.eclipse.ui_[3.5.0,4.0.0).
!SUBENTRY 2 org.eclipse.debug.ui 2 0 2014-11-09 23:00:09.180
!MESSAGE Missing required bundle org.eclipse.ui.console_[3.4.0,4.0.0).
!SUBENTRY 2 org.eclipse.debug.ui 2 0 2014-11-09 23:00:09.180
!MESSAGE Missing required bundle org.eclipse.ui.workbench.texteditor_[3.5.0,4.0.0).
!SUBENTRY 2 org.eclipse.debug.ui 2 0 2014-11-09 23:00:09.180
!MESSAGE Missing required bundle org.eclipse.ui.ide_[3.5.0,4.0.0).
!SUBENTRY 2 org.eclipse.debug.ui 2 0 2014-11-09 23:00:09.180
!MESSAGE Missing required bundle org.eclipse.ui.editors_[3.5.0,4.0.0).
!SUBENTRY 1 org.eclipse.osgi 2 0 2014-11-09 23:00:09.180
!MESSAGE Bundle org.eclipse.ui.navigator_3.5.101.v20120106-1355 [275] was not resolved.
!SUBENTRY 2 org.eclipse.ui.navigator 2 0 2014-11-09 23:00:09.180
!MESSAGE Missing required bundle org.eclipse.ui_[3.6.0,4.0.0).
!SUBENTRY 1 org.eclipse.osgi 2 0 2014-11-09 23:00:09.180
!MESSAGE Bundle org.eclipse.ui.ide_3.7.0.v20110928-1505 [277] was not resolved.
!SUBENTRY 2 org.eclipse.ui.ide 2 0 2014-11-09 23:00:09.180
!MESSAGE Missing required bundle org.eclipse.ui_[3.5.0,4.0.0).
!SUBENTRY 2 org.eclipse.ui.ide 2 0 2014-11-09 23:00:09.180
!MESSAGE Missing required bundle org.eclipse.ui.workbench_[3.7.0,4.0.0).
!SUBENTRY 2 org.eclipse.ui.ide 2 0 2014-11-09 23:00:09.180
!MESSAGE Missing optionally required bundle org.eclipse.ui.views_[3.2.0,4.0.0).
!SUBENTRY 2 org.eclipse.ui.ide 2 0 2014-11-09 23:00:09.180
!MESSAGE Missing required bundle org.eclipse.equinox.p2.engine_[2.0.0,3.0.0).
!SUBENTRY 2 org.eclipse.ui.ide 2 0 2014-11-09 23:00:09.180
!MESSAGE Missing required bundle org.eclipse.equinox.p2.metadata_[2.0.0,3.0.0).
!SUBENTRY 1 org.eclipse.osgi 2 0 2014-11-09 23:00:09.180
!MESSAGE Bundle net.confex.customxml_0.9.16 [279] was not resolved.
!SUBENTRY 2 net.confex.customxml 2 0 2014-11-09 23:00:09.180
!MESSAGE Missing required bundle org.eclipse.ui_0.0.0.
!SUBENTRY 2 net.confex.customxml 2 0 2014-11-09 23:00:09.180
!MESSAGE Missing required bundle net.confex_0.0.0.
!SUBENTRY 1 org.eclipse.osgi 2 0 2014-11-09 23:00:09.180
!MESSAGE Bundle org.eclipse.jface.databinding_1.5.0.I20100907-0800 [280] was not resolved.
!SUBENTRY 2 org.eclipse.jface.databinding 2 0 2014-11-09 23:00:09.180
!MESSAGE Missing required bundle org.eclipse.core.databinding.observable_[1.3.0,2.0.0).
!SUBENTRY 2 org.eclipse.jface.databinding 2 0 2014-11-09 23:00:09.180
!MESSAGE Missing required bundle org.eclipse.core.databinding.property_[1.3.0,2.0.0).
!SUBENTRY 2 org.eclipse.jface.databinding 2 0 2014-11-09 23:00:09.180
!MESSAGE Missing required bundle org.eclipse.core.databinding_[1.2.0,2.0.0).
!SUBENTRY 1 org.eclipse.osgi 2 0 2014-11-09 23:00:09.180
!MESSAGE Bundle org.eclipse.ui.workbench_3.7.1.v20120104-1859 [281] was not resolved.
!SUBENTRY 2 org.eclipse.ui.workbench 2 0 2014-11-09 23:00:09.180
!MESSAGE Missing required bundle org.eclipse.jface.databinding_[1.3.0,2.0.0).
!SUBENTRY 2 org.eclipse.ui.workbench 2 0 2014-11-09 23:00:09.180
!MESSAGE Missing required bundle org.eclipse.core.databinding.property_[1.2.0,2.0.0).
!SUBENTRY 2 org.eclipse.ui.workbench 2 0 2014-11-09 23:00:09.180
!MESSAGE Missing required bundle org.eclipse.core.databinding.observable_[1.2.0,2.0.0).
!SUBENTRY 1 org.eclipse.osgi 2 0 2014-11-09 23:00:09.180
!MESSAGE Bundle net.confex.db.ora_0.9.16 [284] was not resolved.
!SUBENTRY 2 net.confex.db.ora 2 0 2014-11-09 23:00:09.180
!MESSAGE Missing required bundle net.confex.db_0.0.0.
!SUBENTRY 2 net.confex.db.ora 2 0 2014-11-09 23:00:09.180
!MESSAGE Missing required bundle net.confex_0.0.0.
!SUBENTRY 2 net.confex.db.ora 2 0 2014-11-09 23:00:09.180
!MESSAGE Missing required bundle org.eclipse.ui_0.0.0.
!SUBENTRY 1 org.eclipse.osgi 2 0 2014-11-09 23:00:09.180
!MESSAGE Bundle org.eclipse.jdt.ui_3.7.2.v20120109-1427 [286] was not resolved.
!SUBENTRY 2 org.eclipse.jdt.ui 2 0 2014-11-09 23:00:09.180
!MESSAGE Missing required bundle org.eclipse.search_[3.7.0,4.0.0).
!SUBENTRY 2 org.eclipse.jdt.ui 2 0 2014-11-09 23:00:09.180
!MESSAGE Missing required bundle org.eclipse.debug.ui_[3.5.0,4.0.0).
!SUBENTRY 2 org.eclipse.jdt.ui 2 0 2014-11-09 23:00:09.180
!MESSAGE Missing required bundle org.eclipse.compare_[3.5.0,4.0.0).
!SUBENTRY 2 org.eclipse.jdt.ui 2 0 2014-11-09 23:00:09.180
!MESSAGE Missing required bundle org.eclipse.team.ui_[3.4.100,4.0.0).
!SUBENTRY 2 org.eclipse.jdt.ui 2 0 2014-11-09 23:00:09.180
!MESSAGE Missing required bundle org.eclipse.ui_[3.5.0,4.0.0).
!SUBENTRY 2 org.eclipse.jdt.ui 2 0 2014-11-09 23:00:09.180
!MESSAGE Missing required bundle org.eclipse.ui.console_[3.4.0,4.0.0).
!SUBENTRY 2 org.eclipse.jdt.ui 2 0 2014-11-09 23:00:09.180
!MESSAGE Missing required bundle org.eclipse.ui.workbench.texteditor_[3.7.0,4.0.0).
!SUBENTRY 2 org.eclipse.jdt.ui 2 0 2014-11-09 23:00:09.180
!MESSAGE Missing required bundle org.eclipse.ui.ide_[3.5.0,4.0.0).
!SUBENTRY 2 org.eclipse.jdt.ui 2 0 2014-11-09 23:00:09.180
!MESSAGE Missing required bundle org.eclipse.ui.views_[3.3.100,4.0.0).
!SUBENTRY 2 org.eclipse.jdt.ui 2 0 2014-11-09 23:00:09.180
!MESSAGE Missing required bundle org.eclipse.ui.editors_[3.5.0,4.0.0).
!SUBENTRY 2 org.eclipse.jdt.ui 2 0 2014-11-09 23:00:09.180
!MESSAGE Missing required bundle org.eclipse.ltk.ui.refactoring_[3.5.0,4.0.0).
!SUBENTRY 2 org.eclipse.jdt.ui 2 0 2014-11-09 23:00:09.180
!MESSAGE Missing required bundle org.eclipse.ui.navigator_[3.3.200,4.0.0).
!SUBENTRY 2 org.eclipse.jdt.ui 2 0 2014-11-09 23:00:09.180
!MESSAGE Missing required bundle org.eclipse.ui.navigator.resources_[3.4.0,4.0.0).
!SUBENTRY 1 org.eclipse.osgi 2 0 2014-11-09 23:00:09.180
!MESSAGE Bundle org.eclipse.ui_3.7.0.v20110928-1505 [288] was not resolved.
!SUBENTRY 2 org.eclipse.ui 2 0 2014-11-09 23:00:09.180
!MESSAGE Missing required bundle org.eclipse.ui.workbench_[3.5.0,4.0.0).
!SUBENTRY 1 org.eclipse.osgi 2 0 2014-11-09 23:00:09.180
!MESSAGE Bundle org.eclipse.core.databinding_1.4.0.I20110111-0800 [295] was not resolved.
!SUBENTRY 2 org.eclipse.core.databinding 2 0 2014-11-09 23:00:09.180
!MESSAGE Missing required bundle org.eclipse.core.databinding.observable_[1.3.0,2.0.0).
!SUBENTRY 2 org.eclipse.core.databinding 2 0 2014-11-09 23:00:09.180
!MESSAGE Missing required bundle org.eclipse.core.databinding.property_[1.3.0,2.0.0).
!SUBENTRY 1 org.eclipse.osgi 2 0 2014-11-09 23:00:09.180
!MESSAGE Bundle org.eclipse.compare_3.5.202.R37x_v20111109-0800 [298] was not resolved.
!SUBENTRY 2 org.eclipse.compare 2 0 2014-11-09 23:00:09.180
!MESSAGE Missing required bundle org.eclipse.ui_[3.5.0,4.0.0).
!SUBENTRY 2 org.eclipse.compare 2 0 2014-11-09 23:00:09.180
!MESSAGE Missing required bundle org.eclipse.ui.ide_[3.3.0,4.0.0).
!SUBENTRY 2 org.eclipse.compare 2 0 2014-11-09 23:00:09.180
!MESSAGE Missing required bundle org.eclipse.ui.views_[3.2.0,4.0.0).
!SUBENTRY 2 org.eclipse.compare 2 0 2014-11-09 23:00:09.180
!MESSAGE Missing required bundle org.eclipse.ui.workbench.texteditor_[3.5.0,4.0.0).
!SUBENTRY 2 org.eclipse.compare 2 0 2014-11-09 23:00:09.180
!MESSAGE Missing required bundle org.eclipse.ui.editors_[3.5.0,4.0.0).
!SUBENTRY 2 org.eclipse.compare 2 0 2014-11-09 23:00:09.180
!MESSAGE Missing required bundle org.eclipse.compare.core_[3.5.0,4.0.0).
!SUBENTRY 1 org.eclipse.osgi 2 0 2014-11-09 23:00:09.180
!MESSAGE Bundle org.eclipse.update.scheduler_3.2.300.v20100512 [299] was not resolved.
!SUBENTRY 2 org.eclipse.update.scheduler 2 0 2014-11-09 23:00:09.180
!MESSAGE Missing required bundle org.eclipse.update.ui_[3.1.0,4.0.0).
!SUBENTRY 2 org.eclipse.update.scheduler 2 0 2014-11-09 23:00:09.180
!MESSAGE Missing required bundle org.eclipse.ui_[3.2.0,4.0.0).
!SUBENTRY 1 org.eclipse.osgi 2 0 2014-11-09 23:00:09.180
!MESSAGE Bundle net.confex.groovy_0.9.18 [301] was not resolved.
!SUBENTRY 2 net.confex.groovy 2 0 2014-11-09 23:00:09.180
!MESSAGE Missing required bundle org.eclipse.ui_0.0.0.
!SUBENTRY 2 net.confex.groovy 2 0 2014-11-09 23:00:09.180
!MESSAGE Missing required bundle net.confex_0.0.0.
!SUBENTRY 2 net.confex.groovy 2 0 2014-11-09 23:00:09.180
!MESSAGE Missing required bundle net.confex.external_dll_0.9.18.
!SUBENTRY 1 org.eclipse.osgi 2 0 2014-11-09 23:00:09.180
!MESSAGE Bundle org.eclipse.team.ui_3.6.101.R37x_v20111109-0800 [302] was not resolved.
!SUBENTRY 2 org.eclipse.team.ui 2 0 2014-11-09 23:00:09.180
!MESSAGE Missing optionally required bundle org.eclipse.ui.ide_[3.3.0,4.0.0).
!SUBENTRY 2 org.eclipse.team.ui 2 0 2014-11-09 23:00:09.180
!MESSAGE Missing required bundle org.eclipse.ui_[3.5.0,4.0.0).
!SUBENTRY 2 org.eclipse.team.ui 2 0 2014-11-09 23:00:09.180
!MESSAGE Missing required bundle org.eclipse.compare_[3.3.0,4.0.0).
!SUBENTRY 2 org.eclipse.team.ui 2 0 2014-11-09 23:00:09.180
!MESSAGE Missing required bundle org.eclipse.ui.navigator_[3.3.0,4.0.0).
!SUBENTRY 2 org.eclipse.team.ui 2 0 2014-11-09 23:00:09.180
!MESSAGE Missing required bundle org.eclipse.ui.editors_[3.3.0,4.0.0).
!SUBENTRY 1 org.eclipse.osgi 2 0 2014-11-09 23:00:09.180
!MESSAGE Bundle org.eclipse.ui.views_3.6.0.v20110928-1505 [303] was not resolved.
!SUBENTRY 2 org.eclipse.ui.views 2 0 2014-11-09 23:00:09.180
!MESSAGE Missing required bundle org.eclipse.ui_[3.5.0,4.0.0).

!ENTRY org.eclipse.osgi 4 0 2014-11-09 23:00:09.190
!MESSAGE Application error
!STACK 1
java.lang.RuntimeException: No application id has been found.
	at org.eclipse.equinox.internal.app.EclipseAppContainer.startDefaultApp(EclipseAppContainer.java:242)
	at org.eclipse.equinox.internal.app.MainApplicationLauncher.run(MainApplicationLauncher.java:29)
	at org.eclipse.core.runtime.internal.adaptor.EclipseAppLauncher.runApplication(EclipseAppLauncher.java:110)
	at org.eclipse.core.runtime.internal.adaptor.EclipseAppLauncher.start(EclipseAppLauncher.java:79)
	at org.eclipse.core.runtime.adaptor.EclipseStarter.run(EclipseStarter.java:344)
	at org.eclipse.core.runtime.adaptor.EclipseStarter.run(EclipseStarter.java:179)
	at sun.reflect.NativeMethodAccessorImpl.invoke0(Native Method)
	at sun.reflect.NativeMethodAccessorImpl.invoke(Unknown Source)
	at sun.reflect.DelegatingMethodAccessorImpl.invoke(Unknown Source)
	at java.lang.reflect.Method.invoke(Unknown Source)
	at org.eclipse.equinox.launcher.Main.invokeFramework(Main.java:622)
	at org.eclipse.equinox.launcher.Main.basicRun(Main.java:577)
	at org.eclipse.equinox.launcher.Main.run(Main.java:1410)
	at org.eclipse.equinox.launcher.Main.main(Main.java:1386)
